{"C:\\Users\\FORMATION\\Desktop\\AtypikHouse-main\\api\\server.js": {"path":"C:\\Users\\FORMATION\\Desktop\\AtypikHouse-main\\api\\server.js","statementMap":{"0":{"start":{"line":1,"column":16},"end":{"line":1,"column":34}},"1":{"start":{"line":2,"column":13},"end":{"line":2,"column":28}},"2":{"start":{"line":3,"column":21},"end":{"line":3,"column":45}},"3":{"start":{"line":4,"column":19},"end":{"line":4,"column":48}},"4":{"start":{"line":5,"column":15},"end":{"line":5,"column":32}},"5":{"start":{"line":6,"column":22},"end":{"line":6,"column":44}},"6":{"start":{"line":7,"column":19},"end":{"line":7,"column":43}},"7":{"start":{"line":9,"column":0},"end":{"line":9,"column":16}},"8":{"start":{"line":11,"column":12},"end":{"line":11,"column":21}},"9":{"start":{"line":14,"column":0},"end":{"line":19,"column":2}},"10":{"start":{"line":21,"column":0},"end":{"line":21,"column":24}},"11":{"start":{"line":22,"column":0},"end":{"line":22,"column":24}},"12":{"start":{"line":23,"column":0},"end":{"line":23,"column":44}},"13":{"start":{"line":26,"column":0},"end":{"line":26,"column":16}},"14":{"start":{"line":29,"column":0},"end":{"line":33,"column":3}},"15":{"start":{"line":36,"column":0},"end":{"line":40,"column":3}},"16":{"start":{"line":43,"column":19},"end":{"line":43,"column":43}},"17":{"start":{"line":44,"column":20},"end":{"line":44,"column":45}},"18":{"start":{"line":45,"column":20},"end":{"line":45,"column":45}},"19":{"start":{"line":46,"column":22},"end":{"line":46,"column":49}},"20":{"start":{"line":49,"column":0},"end":{"line":49,"column":34}},"21":{"start":{"line":50,"column":0},"end":{"line":50,"column":35}},"22":{"start":{"line":51,"column":0},"end":{"line":51,"column":36}},"23":{"start":{"line":52,"column":0},"end":{"line":52,"column":40}},"24":{"start":{"line":55,"column":0},"end":{"line":57,"column":3}},"25":{"start":{"line":56,"column":2},"end":{"line":56,"column":49}},"26":{"start":{"line":60,"column":0},"end":{"line":65,"column":1}},"27":{"start":{"line":61,"column":15},"end":{"line":61,"column":39}},"28":{"start":{"line":62,"column":2},"end":{"line":64,"column":5}},"29":{"start":{"line":63,"column":4},"end":{"line":63,"column":56}},"30":{"start":{"line":68,"column":0},"end":{"line":68,"column":21}}},"fnMap":{"0":{"name":"(anonymous_0)","decl":{"start":{"line":55,"column":13},"end":{"line":55,"column":14}},"loc":{"start":{"line":55,"column":27},"end":{"line":57,"column":1}},"line":55},"1":{"name":"(anonymous_1)","decl":{"start":{"line":62,"column":19},"end":{"line":62,"column":20}},"loc":{"start":{"line":62,"column":25},"end":{"line":64,"column":3}},"line":62}},"branchMap":{"0":{"loc":{"start":{"line":60,"column":0},"end":{"line":65,"column":1}},"type":"if","locations":[{"start":{"line":60,"column":0},"end":{"line":65,"column":1}},{"start":{},"end":{}}],"line":60},"1":{"loc":{"start":{"line":61,"column":15},"end":{"line":61,"column":39}},"type":"binary-expr","locations":[{"start":{"line":61,"column":15},"end":{"line":61,"column":31}},{"start":{"line":61,"column":35},"end":{"line":61,"column":39}}],"line":61}},"s":{"0":3,"1":3,"2":3,"3":3,"4":3,"5":3,"6":3,"7":3,"8":3,"9":3,"10":3,"11":3,"12":3,"13":3,"14":3,"15":3,"16":3,"17":3,"18":3,"19":3,"20":3,"21":3,"22":3,"23":3,"24":3,"25":0,"26":3,"27":0,"28":0,"29":0,"30":3},"f":{"0":0,"1":0},"b":{"0":[0,3],"1":[0,0]},"_coverageSchema":"1a1c01bbd47fc00a2c39e90264f33305004495a9","hash":"18aa7507e2c538512276da0d02d206b1105ee60e"}
,"C:\\Users\\FORMATION\\Desktop\\AtypikHouse-main\\api\\config\\db.js": {"path":"C:\\Users\\FORMATION\\Desktop\\AtypikHouse-main\\api\\config\\db.js","statementMap":{"0":{"start":{"line":1,"column":17},"end":{"line":1,"column":36}},"1":{"start":{"line":3,"column":22},"end":{"line":24,"column":1}},"2":{"start":{"line":4,"column":2},"end":{"line":4,"column":37}},"3":{"start":{"line":6,"column":16},"end":{"line":6,"column":34}},"4":{"start":{"line":7,"column":2},"end":{"line":7,"column":51}},"5":{"start":{"line":9,"column":2},"end":{"line":12,"column":3}},"6":{"start":{"line":10,"column":4},"end":{"line":10,"column":72}},"7":{"start":{"line":11,"column":4},"end":{"line":11,"column":20}},"8":{"start":{"line":14,"column":2},"end":{"line":23,"column":7}},"9":{"start":{"line":17,"column":6},"end":{"line":17,"column":47}},"10":{"start":{"line":20,"column":6},"end":{"line":20,"column":42}},"11":{"start":{"line":21,"column":6},"end":{"line":21,"column":23}},"12":{"start":{"line":22,"column":6},"end":{"line":22,"column":22}},"13":{"start":{"line":26,"column":0},"end":{"line":26,"column":31}}},"fnMap":{"0":{"name":"(anonymous_0)","decl":{"start":{"line":3,"column":22},"end":{"line":3,"column":23}},"loc":{"start":{"line":3,"column":28},"end":{"line":24,"column":1}},"line":3},"1":{"name":"(anonymous_1)","decl":{"start":{"line":16,"column":10},"end":{"line":16,"column":11}},"loc":{"start":{"line":16,"column":16},"end":{"line":18,"column":5}},"line":16},"2":{"name":"(anonymous_2)","decl":{"start":{"line":19,"column":11},"end":{"line":19,"column":12}},"loc":{"start":{"line":19,"column":20},"end":{"line":23,"column":5}},"line":19}},"branchMap":{"0":{"loc":{"start":{"line":9,"column":2},"end":{"line":12,"column":3}},"type":"if","locations":[{"start":{"line":9,"column":2},"end":{"line":12,"column":3}},{"start":{},"end":{}}],"line":9}},"s":{"0":3,"1":3,"2":3,"3":3,"4":3,"5":3,"6":0,"7":0,"8":3,"9":3,"10":0,"11":0,"12":0,"13":3},"f":{"0":3,"1":3,"2":0},"b":{"0":[0,3]},"_coverageSchema":"1a1c01bbd47fc00a2c39e90264f33305004495a9","hash":"ed2720d902708477ca92e66a5319dec499acd2ad"}
,"C:\\Users\\FORMATION\\Desktop\\AtypikHouse-main\\api\\controllers\\adminController.js": {"path":"C:\\Users\\FORMATION\\Desktop\\AtypikHouse-main\\api\\controllers\\adminController.js","statementMap":{"0":{"start":{"line":1,"column":13},"end":{"line":1,"column":38}},"1":{"start":{"line":4,"column":0},"end":{"line":17,"column":2}},"2":{"start":{"line":5,"column":2},"end":{"line":16,"column":3}},"3":{"start":{"line":6,"column":38},"end":{"line":6,"column":46}},"4":{"start":{"line":7,"column":17},"end":{"line":7,"column":67}},"5":{"start":{"line":8,"column":4},"end":{"line":8,"column":22}},"6":{"start":{"line":9,"column":4},"end":{"line":9,"column":56}},"7":{"start":{"line":11,"column":4},"end":{"line":15,"column":7}},"8":{"start":{"line":19,"column":0},"end":{"line":40,"column":2}},"9":{"start":{"line":20,"column":2},"end":{"line":39,"column":3}},"10":{"start":{"line":21,"column":19},"end":{"line":21,"column":29}},"11":{"start":{"line":22,"column":28},"end":{"line":22,"column":36}},"12":{"start":{"line":24,"column":24},"end":{"line":28,"column":5}},"13":{"start":{"line":30,"column":4},"end":{"line":32,"column":5}},"14":{"start":{"line":31,"column":6},"end":{"line":31,"column":65}},"15":{"start":{"line":34,"column":4},"end":{"line":36,"column":73}},"16":{"start":{"line":38,"column":4},"end":{"line":38,"column":68}},"17":{"start":{"line":43,"column":0},"end":{"line":58,"column":2}},"18":{"start":{"line":44,"column":17},"end":{"line":44,"column":27}},"19":{"start":{"line":45,"column":19},"end":{"line":45,"column":27}},"20":{"start":{"line":47,"column":2},"end":{"line":57,"column":3}},"21":{"start":{"line":48,"column":17},"end":{"line":48,"column":74}},"22":{"start":{"line":49,"column":4},"end":{"line":53,"column":5}},"23":{"start":{"line":50,"column":6},"end":{"line":52,"column":61}},"24":{"start":{"line":54,"column":4},"end":{"line":54,"column":56}},"25":{"start":{"line":56,"column":4},"end":{"line":56,"column":79}},"26":{"start":{"line":60,"column":0},"end":{"line":72,"column":2}},"27":{"start":{"line":61,"column":2},"end":{"line":71,"column":3}},"28":{"start":{"line":62,"column":19},"end":{"line":62,"column":29}},"29":{"start":{"line":63,"column":4},"end":{"line":63,"column":37}},"30":{"start":{"line":64,"column":4},"end":{"line":64,"column":77}},"31":{"start":{"line":66,"column":4},"end":{"line":70,"column":7}},"32":{"start":{"line":75,"column":14},"end":{"line":75,"column":40}},"33":{"start":{"line":77,"column":18},"end":{"line":84,"column":1}},"34":{"start":{"line":86,"column":0},"end":{"line":108,"column":2}},"35":{"start":{"line":87,"column":2},"end":{"line":107,"column":3}},"36":{"start":{"line":88,"column":19},"end":{"line":88,"column":37}},"37":{"start":{"line":89,"column":21},"end":{"line":89,"column":75}},"38":{"start":{"line":89,"column":53},"end":{"line":89,"column":73}},"39":{"start":{"line":92,"column":4},"end":{"line":97,"column":7}},"40":{"start":{"line":93,"column":6},"end":{"line":96,"column":9}},"41":{"start":{"line":94,"column":21},"end":{"line":94,"column":71}},"42":{"start":{"line":94,"column":43},"end":{"line":94,"column":58}},"43":{"start":{"line":95,"column":8},"end":{"line":95,"column":59}},"44":{"start":{"line":99,"column":4},"end":{"line":102,"column":7}},"45":{"start":{"line":101,"column":47},"end":{"line":101,"column":63}},"46":{"start":{"line":104,"column":4},"end":{"line":106,"column":70}},"47":{"start":{"line":110,"column":0},"end":{"line":122,"column":2}},"48":{"start":{"line":111,"column":2},"end":{"line":121,"column":3}},"49":{"start":{"line":112,"column":21},"end":{"line":112,"column":29}},"50":{"start":{"line":113,"column":18},"end":{"line":113,"column":39}},"51":{"start":{"line":114,"column":4},"end":{"line":114,"column":27}},"52":{"start":{"line":115,"column":4},"end":{"line":115,"column":23}},"53":{"start":{"line":116,"column":4},"end":{"line":116,"column":63}},"54":{"start":{"line":118,"column":4},"end":{"line":120,"column":70}},"55":{"start":{"line":124,"column":0},"end":{"line":136,"column":2}},"56":{"start":{"line":125,"column":2},"end":{"line":135,"column":3}},"57":{"start":{"line":126,"column":21},"end":{"line":126,"column":31}},"58":{"start":{"line":127,"column":18},"end":{"line":127,"column":39}},"59":{"start":{"line":128,"column":4},"end":{"line":128,"column":62}},"60":{"start":{"line":128,"column":47},"end":{"line":128,"column":60}},"61":{"start":{"line":129,"column":4},"end":{"line":129,"column":23}},"62":{"start":{"line":130,"column":4},"end":{"line":130,"column":63}},"63":{"start":{"line":132,"column":4},"end":{"line":134,"column":70}},"64":{"start":{"line":141,"column":0},"end":{"line":150,"column":2}},"65":{"start":{"line":142,"column":2},"end":{"line":149,"column":3}},"66":{"start":{"line":143,"column":19},"end":{"line":143,"column":37}},"67":{"start":{"line":144,"column":4},"end":{"line":144,"column":58}},"68":{"start":{"line":146,"column":4},"end":{"line":148,"column":77}},"69":{"start":{"line":153,"column":0},"end":{"line":169,"column":2}},"70":{"start":{"line":154,"column":2},"end":{"line":168,"column":3}},"71":{"start":{"line":155,"column":21},"end":{"line":155,"column":40}},"72":{"start":{"line":156,"column":23},"end":{"line":156,"column":44}},"73":{"start":{"line":157,"column":4},"end":{"line":161,"column":7}},"74":{"start":{"line":163,"column":4},"end":{"line":167,"column":7}},"75":{"start":{"line":172,"column":0},"end":{"line":199,"column":2}},"76":{"start":{"line":173,"column":2},"end":{"line":198,"column":3}},"77":{"start":{"line":174,"column":19},"end":{"line":174,"column":29}},"78":{"start":{"line":175,"column":24},"end":{"line":175,"column":32}},"79":{"start":{"line":177,"column":25},"end":{"line":179,"column":6}},"80":{"start":{"line":181,"column":4},"end":{"line":185,"column":5}},"81":{"start":{"line":182,"column":6},"end":{"line":184,"column":62}},"82":{"start":{"line":187,"column":4},"end":{"line":191,"column":7}},"83":{"start":{"line":193,"column":4},"end":{"line":197,"column":7}},"84":{"start":{"line":202,"column":0},"end":{"line":226,"column":2}},"85":{"start":{"line":203,"column":2},"end":{"line":225,"column":3}},"86":{"start":{"line":204,"column":19},"end":{"line":204,"column":29}},"87":{"start":{"line":206,"column":25},"end":{"line":206,"column":58}},"88":{"start":{"line":208,"column":4},"end":{"line":212,"column":5}},"89":{"start":{"line":209,"column":6},"end":{"line":211,"column":62}},"90":{"start":{"line":214,"column":4},"end":{"line":218,"column":7}},"91":{"start":{"line":220,"column":4},"end":{"line":224,"column":7}},"92":{"start":{"line":229,"column":0},"end":{"line":242,"column":2}},"93":{"start":{"line":230,"column":2},"end":{"line":241,"column":3}},"94":{"start":{"line":231,"column":19},"end":{"line":231,"column":29}},"95":{"start":{"line":232,"column":20},"end":{"line":232,"column":28}},"96":{"start":{"line":233,"column":17},"end":{"line":233,"column":73}},"97":{"start":{"line":234,"column":4},"end":{"line":234,"column":56}},"98":{"start":{"line":236,"column":4},"end":{"line":240,"column":7}},"99":{"start":{"line":245,"column":0},"end":{"line":254,"column":2}},"100":{"start":{"line":246,"column":2},"end":{"line":253,"column":3}},"101":{"start":{"line":247,"column":18},"end":{"line":247,"column":35}},"102":{"start":{"line":248,"column":4},"end":{"line":248,"column":57}},"103":{"start":{"line":250,"column":4},"end":{"line":252,"column":77}},"104":{"start":{"line":257,"column":0},"end":{"line":278,"column":2}},"105":{"start":{"line":258,"column":2},"end":{"line":277,"column":3}},"106":{"start":{"line":259,"column":4},"end":{"line":259,"column":42}},"107":{"start":{"line":260,"column":19},"end":{"line":262,"column":47}},"108":{"start":{"line":263,"column":4},"end":{"line":263,"column":51}},"109":{"start":{"line":265,"column":23},"end":{"line":268,"column":5}},"110":{"start":{"line":266,"column":22},"end":{"line":266,"column":48}},"111":{"start":{"line":269,"column":4},"end":{"line":269,"column":54}},"112":{"start":{"line":271,"column":4},"end":{"line":271,"column":62}},"113":{"start":{"line":273,"column":4},"end":{"line":273,"column":69}},"114":{"start":{"line":274,"column":4},"end":{"line":276,"column":77}},"115":{"start":{"line":280,"column":0},"end":{"line":306,"column":2}},"116":{"start":{"line":281,"column":2},"end":{"line":305,"column":3}},"117":{"start":{"line":282,"column":25},"end":{"line":282,"column":35}},"118":{"start":{"line":283,"column":19},"end":{"line":286,"column":5}},"119":{"start":{"line":288,"column":4},"end":{"line":293,"column":5}},"120":{"start":{"line":289,"column":6},"end":{"line":292,"column":9}},"121":{"start":{"line":295,"column":4},"end":{"line":297,"column":76}},"122":{"start":{"line":299,"column":4},"end":{"line":299,"column":74}},"123":{"start":{"line":300,"column":4},"end":{"line":304,"column":7}},"124":{"start":{"line":308,"column":0},"end":{"line":334,"column":2}},"125":{"start":{"line":309,"column":2},"end":{"line":333,"column":3}},"126":{"start":{"line":310,"column":34},"end":{"line":310,"column":44}},"127":{"start":{"line":311,"column":19},"end":{"line":314,"column":5}},"128":{"start":{"line":316,"column":4},"end":{"line":321,"column":5}},"129":{"start":{"line":317,"column":6},"end":{"line":320,"column":9}},"130":{"start":{"line":323,"column":4},"end":{"line":325,"column":73}},"131":{"start":{"line":327,"column":4},"end":{"line":327,"column":73}},"132":{"start":{"line":328,"column":4},"end":{"line":332,"column":7}}},"fnMap":{"0":{"name":"(anonymous_0)","decl":{"start":{"line":4,"column":24},"end":{"line":4,"column":25}},"loc":{"start":{"line":4,"column":44},"end":{"line":17,"column":1}},"line":4},"1":{"name":"(anonymous_1)","decl":{"start":{"line":19,"column":21},"end":{"line":19,"column":22}},"loc":{"start":{"line":19,"column":41},"end":{"line":40,"column":1}},"line":19},"2":{"name":"(anonymous_2)","decl":{"start":{"line":43,"column":25},"end":{"line":43,"column":26}},"loc":{"start":{"line":43,"column":45},"end":{"line":58,"column":1}},"line":43},"3":{"name":"(anonymous_3)","decl":{"start":{"line":60,"column":21},"end":{"line":60,"column":22}},"loc":{"start":{"line":60,"column":41},"end":{"line":72,"column":1}},"line":60},"4":{"name":"(anonymous_4)","decl":{"start":{"line":86,"column":22},"end":{"line":86,"column":23}},"loc":{"start":{"line":86,"column":42},"end":{"line":108,"column":1}},"line":86},"5":{"name":"(anonymous_5)","decl":{"start":{"line":89,"column":43},"end":{"line":89,"column":44}},"loc":{"start":{"line":89,"column":53},"end":{"line":89,"column":73}},"line":89},"6":{"name":"(anonymous_6)","decl":{"start":{"line":92,"column":19},"end":{"line":92,"column":20}},"loc":{"start":{"line":92,"column":30},"end":{"line":97,"column":5}},"line":92},"7":{"name":"(anonymous_7)","decl":{"start":{"line":93,"column":26},"end":{"line":93,"column":27}},"loc":{"start":{"line":93,"column":36},"end":{"line":96,"column":7}},"line":93},"8":{"name":"(anonymous_8)","decl":{"start":{"line":94,"column":36},"end":{"line":94,"column":37}},"loc":{"start":{"line":94,"column":43},"end":{"line":94,"column":58}},"line":94},"9":{"name":"(anonymous_9)","decl":{"start":{"line":101,"column":37},"end":{"line":101,"column":38}},"loc":{"start":{"line":101,"column":47},"end":{"line":101,"column":63}},"line":101},"10":{"name":"(anonymous_10)","decl":{"start":{"line":110,"column":18},"end":{"line":110,"column":19}},"loc":{"start":{"line":110,"column":38},"end":{"line":122,"column":1}},"line":110},"11":{"name":"(anonymous_11)","decl":{"start":{"line":124,"column":21},"end":{"line":124,"column":22}},"loc":{"start":{"line":124,"column":41},"end":{"line":136,"column":1}},"line":124},"12":{"name":"(anonymous_12)","decl":{"start":{"line":128,"column":37},"end":{"line":128,"column":38}},"loc":{"start":{"line":128,"column":47},"end":{"line":128,"column":60}},"line":128},"13":{"name":"(anonymous_13)","decl":{"start":{"line":141,"column":23},"end":{"line":141,"column":24}},"loc":{"start":{"line":141,"column":43},"end":{"line":150,"column":1}},"line":141},"14":{"name":"(anonymous_14)","decl":{"start":{"line":153,"column":19},"end":{"line":153,"column":20}},"loc":{"start":{"line":153,"column":39},"end":{"line":169,"column":1}},"line":153},"15":{"name":"(anonymous_15)","decl":{"start":{"line":172,"column":22},"end":{"line":172,"column":23}},"loc":{"start":{"line":172,"column":42},"end":{"line":199,"column":1}},"line":172},"16":{"name":"(anonymous_16)","decl":{"start":{"line":202,"column":22},"end":{"line":202,"column":23}},"loc":{"start":{"line":202,"column":42},"end":{"line":226,"column":1}},"line":202},"17":{"name":"(anonymous_17)","decl":{"start":{"line":229,"column":28},"end":{"line":229,"column":29}},"loc":{"start":{"line":229,"column":48},"end":{"line":242,"column":1}},"line":229},"18":{"name":"(anonymous_18)","decl":{"start":{"line":245,"column":22},"end":{"line":245,"column":23}},"loc":{"start":{"line":245,"column":42},"end":{"line":254,"column":1}},"line":245},"19":{"name":"(anonymous_19)","decl":{"start":{"line":257,"column":24},"end":{"line":257,"column":25}},"loc":{"start":{"line":257,"column":44},"end":{"line":278,"column":1}},"line":257},"20":{"name":"(anonymous_20)","decl":{"start":{"line":266,"column":6},"end":{"line":266,"column":7}},"loc":{"start":{"line":266,"column":22},"end":{"line":266,"column":48}},"line":266},"21":{"name":"(anonymous_21)","decl":{"start":{"line":280,"column":23},"end":{"line":280,"column":24}},"loc":{"start":{"line":280,"column":43},"end":{"line":306,"column":1}},"line":280},"22":{"name":"(anonymous_22)","decl":{"start":{"line":308,"column":22},"end":{"line":308,"column":23}},"loc":{"start":{"line":308,"column":42},"end":{"line":334,"column":1}},"line":308}},"branchMap":{"0":{"loc":{"start":{"line":30,"column":4},"end":{"line":32,"column":5}},"type":"if","locations":[{"start":{"line":30,"column":4},"end":{"line":32,"column":5}},{"start":{},"end":{}}],"line":30},"1":{"loc":{"start":{"line":49,"column":4},"end":{"line":53,"column":5}},"type":"if","locations":[{"start":{"line":49,"column":4},"end":{"line":53,"column":5}},{"start":{},"end":{}}],"line":49},"2":{"loc":{"start":{"line":94,"column":21},"end":{"line":94,"column":71}},"type":"binary-expr","locations":[{"start":{"line":94,"column":21},"end":{"line":94,"column":65}},{"start":{"line":94,"column":69},"end":{"line":94,"column":71}}],"line":94},"3":{"loc":{"start":{"line":181,"column":4},"end":{"line":185,"column":5}},"type":"if","locations":[{"start":{"line":181,"column":4},"end":{"line":185,"column":5}},{"start":{},"end":{}}],"line":181},"4":{"loc":{"start":{"line":208,"column":4},"end":{"line":212,"column":5}},"type":"if","locations":[{"start":{"line":208,"column":4},"end":{"line":212,"column":5}},{"start":{},"end":{}}],"line":208},"5":{"loc":{"start":{"line":288,"column":4},"end":{"line":293,"column":5}},"type":"if","locations":[{"start":{"line":288,"column":4},"end":{"line":293,"column":5}},{"start":{},"end":{}}],"line":288},"6":{"loc":{"start":{"line":316,"column":4},"end":{"line":321,"column":5}},"type":"if","locations":[{"start":{"line":316,"column":4},"end":{"line":321,"column":5}},{"start":{},"end":{}}],"line":316}},"s":{"0":3,"1":3,"2":0,"3":0,"4":0,"5":0,"6":0,"7":0,"8":3,"9":0,"10":0,"11":0,"12":0,"13":0,"14":0,"15":0,"16":0,"17":3,"18":0,"19":0,"20":0,"21":0,"22":0,"23":0,"24":0,"25":0,"26":3,"27":0,"28":0,"29":0,"30":0,"31":0,"32":3,"33":3,"34":3,"35":0,"36":0,"37":0,"38":0,"39":0,"40":0,"41":0,"42":0,"43":0,"44":0,"45":0,"46":0,"47":3,"48":0,"49":0,"50":0,"51":0,"52":0,"53":0,"54":0,"55":3,"56":0,"57":0,"58":0,"59":0,"60":0,"61":0,"62":0,"63":0,"64":3,"65":0,"66":0,"67":0,"68":0,"69":3,"70":0,"71":0,"72":0,"73":0,"74":0,"75":3,"76":0,"77":0,"78":0,"79":0,"80":0,"81":0,"82":0,"83":0,"84":3,"85":0,"86":0,"87":0,"88":0,"89":0,"90":0,"91":0,"92":3,"93":0,"94":0,"95":0,"96":0,"97":0,"98":0,"99":3,"100":0,"101":0,"102":0,"103":0,"104":3,"105":0,"106":0,"107":0,"108":0,"109":0,"110":0,"111":0,"112":0,"113":0,"114":0,"115":3,"116":0,"117":0,"118":0,"119":0,"120":0,"121":0,"122":0,"123":0,"124":3,"125":0,"126":0,"127":0,"128":0,"129":0,"130":0,"131":0,"132":0},"f":{"0":0,"1":0,"2":0,"3":0,"4":0,"5":0,"6":0,"7":0,"8":0,"9":0,"10":0,"11":0,"12":0,"13":0,"14":0,"15":0,"16":0,"17":0,"18":0,"19":0,"20":0,"21":0,"22":0},"b":{"0":[0,0],"1":[0,0],"2":[0,0],"3":[0,0],"4":[0,0],"5":[0,0],"6":[0,0]},"_coverageSchema":"1a1c01bbd47fc00a2c39e90264f33305004495a9","hash":"724488751022a12e90210457dbf8fbe236a956d6"}
,"C:\\Users\\FORMATION\\Desktop\\AtypikHouse-main\\api\\controllers\\bookingController.js": {"path":"C:\\Users\\FORMATION\\Desktop\\AtypikHouse-main\\api\\controllers\\bookingController.js","statementMap":{"0":{"start":{"line":1,"column":16},"end":{"line":1,"column":44}},"1":{"start":{"line":4,"column":0},"end":{"line":30,"column":2}},"2":{"start":{"line":5,"column":2},"end":{"line":29,"column":3}},"3":{"start":{"line":6,"column":21},"end":{"line":6,"column":29}},"4":{"start":{"line":8,"column":6},"end":{"line":8,"column":14}},"5":{"start":{"line":10,"column":20},"end":{"line":19,"column":6}},"6":{"start":{"line":21,"column":4},"end":{"line":23,"column":7}},"7":{"start":{"line":25,"column":4},"end":{"line":28,"column":7}},"8":{"start":{"line":33,"column":0},"end":{"line":55,"column":2}},"9":{"start":{"line":34,"column":2},"end":{"line":54,"column":3}},"10":{"start":{"line":35,"column":21},"end":{"line":35,"column":29}},"11":{"start":{"line":36,"column":4},"end":{"line":40,"column":5}},"12":{"start":{"line":37,"column":6},"end":{"line":39,"column":72}},"13":{"start":{"line":42,"column":20},"end":{"line":42,"column":79}},"14":{"start":{"line":44,"column":4},"end":{"line":45,"column":51}},"15":{"start":{"line":49,"column":4},"end":{"line":49,"column":21}},"16":{"start":{"line":50,"column":4},"end":{"line":53,"column":7}}},"fnMap":{"0":{"name":"(anonymous_0)","decl":{"start":{"line":4,"column":25},"end":{"line":4,"column":26}},"loc":{"start":{"line":4,"column":45},"end":{"line":30,"column":1}},"line":4},"1":{"name":"(anonymous_1)","decl":{"start":{"line":33,"column":22},"end":{"line":33,"column":23}},"loc":{"start":{"line":33,"column":42},"end":{"line":55,"column":1}},"line":33}},"branchMap":{"0":{"loc":{"start":{"line":36,"column":4},"end":{"line":40,"column":5}},"type":"if","locations":[{"start":{"line":36,"column":4},"end":{"line":40,"column":5}},{"start":{},"end":{}}],"line":36}},"s":{"0":3,"1":3,"2":0,"3":0,"4":0,"5":0,"6":0,"7":0,"8":3,"9":0,"10":0,"11":0,"12":0,"13":0,"14":0,"15":0,"16":0},"f":{"0":0,"1":0},"b":{"0":[0,0]},"_coverageSchema":"1a1c01bbd47fc00a2c39e90264f33305004495a9","hash":"a94e7cfc91aab8a08142aa336f42d3f873507cfa"}
,"C:\\Users\\FORMATION\\Desktop\\AtypikHouse-main\\api\\controllers\\placeController.js": {"path":"C:\\Users\\FORMATION\\Desktop\\AtypikHouse-main\\api\\controllers\\placeController.js","statementMap":{"0":{"start":{"line":1,"column":14},"end":{"line":1,"column":40}},"1":{"start":{"line":4,"column":0},"end":{"line":39,"column":2}},"2":{"start":{"line":5,"column":2},"end":{"line":38,"column":3}},"3":{"start":{"line":6,"column":21},"end":{"line":6,"column":29}},"4":{"start":{"line":17,"column":8},"end":{"line":17,"column":16}},"5":{"start":{"line":18,"column":18},"end":{"line":29,"column":6}},"6":{"start":{"line":30,"column":4},"end":{"line":32,"column":7}},"7":{"start":{"line":34,"column":4},"end":{"line":37,"column":7}},"8":{"start":{"line":42,"column":0},"end":{"line":52,"column":2}},"9":{"start":{"line":43,"column":2},"end":{"line":51,"column":3}},"10":{"start":{"line":44,"column":21},"end":{"line":44,"column":29}},"11":{"start":{"line":45,"column":15},"end":{"line":45,"column":26}},"12":{"start":{"line":46,"column":4},"end":{"line":46,"column":58}},"13":{"start":{"line":48,"column":4},"end":{"line":50,"column":7}},"14":{"start":{"line":55,"column":0},"end":{"line":94,"column":2}},"15":{"start":{"line":56,"column":2},"end":{"line":93,"column":3}},"16":{"start":{"line":57,"column":21},"end":{"line":57,"column":29}},"17":{"start":{"line":58,"column":19},"end":{"line":58,"column":30}},"18":{"start":{"line":69,"column":8},"end":{"line":69,"column":16}},"19":{"start":{"line":71,"column":18},"end":{"line":71,"column":42}},"20":{"start":{"line":72,"column":4},"end":{"line":87,"column":5}},"21":{"start":{"line":73,"column":6},"end":{"line":82,"column":9}},"22":{"start":{"line":83,"column":6},"end":{"line":83,"column":25}},"23":{"start":{"line":84,"column":6},"end":{"line":86,"column":9}},"24":{"start":{"line":89,"column":4},"end":{"line":92,"column":7}},"25":{"start":{"line":97,"column":0},"end":{"line":110,"column":2}},"26":{"start":{"line":98,"column":2},"end":{"line":109,"column":3}},"27":{"start":{"line":99,"column":4},"end":{"line":99,"column":47}},"28":{"start":{"line":100,"column":19},"end":{"line":100,"column":69}},"29":{"start":{"line":101,"column":4},"end":{"line":101,"column":56}},"30":{"start":{"line":102,"column":4},"end":{"line":102,"column":37}},"31":{"start":{"line":104,"column":4},"end":{"line":104,"column":61}},"32":{"start":{"line":105,"column":4},"end":{"line":108,"column":7}},"33":{"start":{"line":114,"column":0},"end":{"line":131,"column":2}},"34":{"start":{"line":115,"column":2},"end":{"line":130,"column":3}},"35":{"start":{"line":116,"column":19},"end":{"line":116,"column":29}},"36":{"start":{"line":117,"column":18},"end":{"line":117,"column":42}},"37":{"start":{"line":118,"column":4},"end":{"line":122,"column":5}},"38":{"start":{"line":119,"column":6},"end":{"line":121,"column":9}},"39":{"start":{"line":123,"column":4},"end":{"line":125,"column":7}},"40":{"start":{"line":127,"column":4},"end":{"line":129,"column":7}},"41":{"start":{"line":134,"column":0},"end":{"line":151,"column":2}},"42":{"start":{"line":135,"column":2},"end":{"line":150,"column":3}},"43":{"start":{"line":136,"column":23},"end":{"line":136,"column":37}},"44":{"start":{"line":138,"column":4},"end":{"line":138,"column":75}},"45":{"start":{"line":138,"column":27},"end":{"line":138,"column":75}},"46":{"start":{"line":140,"column":26},"end":{"line":142,"column":6}},"47":{"start":{"line":144,"column":4},"end":{"line":144,"column":40}},"48":{"start":{"line":146,"column":4},"end":{"line":146,"column":21}},"49":{"start":{"line":147,"column":4},"end":{"line":149,"column":7}},"50":{"start":{"line":156,"column":0},"end":{"line":171,"column":2}},"51":{"start":{"line":157,"column":2},"end":{"line":170,"column":3}},"52":{"start":{"line":158,"column":24},"end":{"line":158,"column":34}},"53":{"start":{"line":159,"column":18},"end":{"line":161,"column":47}},"54":{"start":{"line":162,"column":4},"end":{"line":166,"column":5}},"55":{"start":{"line":163,"column":6},"end":{"line":165,"column":78}},"56":{"start":{"line":167,"column":4},"end":{"line":167,"column":65}},"57":{"start":{"line":169,"column":4},"end":{"line":169,"column":69}},"58":{"start":{"line":174,"column":0},"end":{"line":202,"column":2}},"59":{"start":{"line":175,"column":2},"end":{"line":201,"column":3}},"60":{"start":{"line":176,"column":34},"end":{"line":176,"column":44}},"61":{"start":{"line":177,"column":24},"end":{"line":177,"column":32}},"62":{"start":{"line":179,"column":18},"end":{"line":185,"column":47}},"63":{"start":{"line":187,"column":4},"end":{"line":191,"column":5}},"64":{"start":{"line":188,"column":6},"end":{"line":190,"column":71}},"65":{"start":{"line":193,"column":26},"end":{"line":193,"column":52}},"66":{"start":{"line":194,"column":4},"end":{"line":194,"column":65}},"67":{"start":{"line":196,"column":4},"end":{"line":200,"column":7}},"68":{"start":{"line":205,"column":0},"end":{"line":236,"column":2}},"69":{"start":{"line":206,"column":2},"end":{"line":235,"column":3}},"70":{"start":{"line":207,"column":24},"end":{"line":207,"column":34}},"71":{"start":{"line":208,"column":32},"end":{"line":208,"column":40}},"72":{"start":{"line":210,"column":18},"end":{"line":210,"column":47}},"73":{"start":{"line":211,"column":4},"end":{"line":215,"column":5}},"74":{"start":{"line":212,"column":6},"end":{"line":214,"column":63}},"75":{"start":{"line":217,"column":22},"end":{"line":221,"column":5}},"76":{"start":{"line":223,"column":4},"end":{"line":223,"column":34}},"77":{"start":{"line":224,"column":4},"end":{"line":224,"column":23}},"78":{"start":{"line":227,"column":4},"end":{"line":227,"column":49}},"79":{"start":{"line":228,"column":4},"end":{"line":228,"column":57}},"80":{"start":{"line":230,"column":4},"end":{"line":230,"column":65}},"81":{"start":{"line":232,"column":4},"end":{"line":234,"column":71}}},"fnMap":{"0":{"name":"(anonymous_0)","decl":{"start":{"line":4,"column":19},"end":{"line":4,"column":20}},"loc":{"start":{"line":4,"column":39},"end":{"line":39,"column":1}},"line":4},"1":{"name":"(anonymous_1)","decl":{"start":{"line":42,"column":21},"end":{"line":42,"column":22}},"loc":{"start":{"line":42,"column":41},"end":{"line":52,"column":1}},"line":42},"2":{"name":"(anonymous_2)","decl":{"start":{"line":55,"column":22},"end":{"line":55,"column":23}},"loc":{"start":{"line":55,"column":42},"end":{"line":94,"column":1}},"line":55},"3":{"name":"(anonymous_3)","decl":{"start":{"line":97,"column":20},"end":{"line":97,"column":21}},"loc":{"start":{"line":97,"column":40},"end":{"line":110,"column":1}},"line":97},"4":{"name":"(anonymous_4)","decl":{"start":{"line":114,"column":22},"end":{"line":114,"column":23}},"loc":{"start":{"line":114,"column":42},"end":{"line":131,"column":1}},"line":114},"5":{"name":"(anonymous_5)","decl":{"start":{"line":134,"column":23},"end":{"line":134,"column":24}},"loc":{"start":{"line":134,"column":43},"end":{"line":151,"column":1}},"line":134},"6":{"name":"(anonymous_6)","decl":{"start":{"line":156,"column":28},"end":{"line":156,"column":29}},"loc":{"start":{"line":156,"column":48},"end":{"line":171,"column":1}},"line":156},"7":{"name":"(anonymous_7)","decl":{"start":{"line":174,"column":24},"end":{"line":174,"column":25}},"loc":{"start":{"line":174,"column":44},"end":{"line":202,"column":1}},"line":174},"8":{"name":"(anonymous_8)","decl":{"start":{"line":205,"column":20},"end":{"line":205,"column":21}},"loc":{"start":{"line":205,"column":40},"end":{"line":236,"column":1}},"line":205}},"branchMap":{"0":{"loc":{"start":{"line":72,"column":4},"end":{"line":87,"column":5}},"type":"if","locations":[{"start":{"line":72,"column":4},"end":{"line":87,"column":5}},{"start":{},"end":{}}],"line":72},"1":{"loc":{"start":{"line":118,"column":4},"end":{"line":122,"column":5}},"type":"if","locations":[{"start":{"line":118,"column":4},"end":{"line":122,"column":5}},{"start":{},"end":{}}],"line":118},"2":{"loc":{"start":{"line":138,"column":4},"end":{"line":138,"column":75}},"type":"if","locations":[{"start":{"line":138,"column":4},"end":{"line":138,"column":75}},{"start":{},"end":{}}],"line":138},"3":{"loc":{"start":{"line":162,"column":4},"end":{"line":166,"column":5}},"type":"if","locations":[{"start":{"line":162,"column":4},"end":{"line":166,"column":5}},{"start":{},"end":{}}],"line":162},"4":{"loc":{"start":{"line":162,"column":8},"end":{"line":162,"column":44}},"type":"binary-expr","locations":[{"start":{"line":162,"column":8},"end":{"line":162,"column":14}},{"start":{"line":162,"column":18},"end":{"line":162,"column":44}}],"line":162},"5":{"loc":{"start":{"line":187,"column":4},"end":{"line":191,"column":5}},"type":"if","locations":[{"start":{"line":187,"column":4},"end":{"line":191,"column":5}},{"start":{},"end":{}}],"line":187},"6":{"loc":{"start":{"line":211,"column":4},"end":{"line":215,"column":5}},"type":"if","locations":[{"start":{"line":211,"column":4},"end":{"line":215,"column":5}},{"start":{},"end":{}}],"line":211}},"s":{"0":3,"1":3,"2":0,"3":0,"4":0,"5":0,"6":0,"7":0,"8":3,"9":0,"10":0,"11":0,"12":0,"13":0,"14":3,"15":0,"16":0,"17":0,"18":0,"19":0,"20":0,"21":0,"22":0,"23":0,"24":0,"25":3,"26":1,"27":1,"28":1,"29":1,"30":1,"31":0,"32":0,"33":3,"34":1,"35":1,"36":1,"37":0,"38":0,"39":0,"40":1,"41":3,"42":0,"43":0,"44":0,"45":0,"46":0,"47":0,"48":0,"49":0,"50":3,"51":0,"52":0,"53":0,"54":0,"55":0,"56":0,"57":0,"58":3,"59":0,"60":0,"61":0,"62":0,"63":0,"64":0,"65":0,"66":0,"67":0,"68":3,"69":0,"70":0,"71":0,"72":0,"73":0,"74":0,"75":0,"76":0,"77":0,"78":0,"79":0,"80":0,"81":0},"f":{"0":0,"1":0,"2":0,"3":1,"4":1,"5":0,"6":0,"7":0,"8":0},"b":{"0":[0,0],"1":[0,0],"2":[0,0],"3":[0,0],"4":[0,0],"5":[0,0],"6":[0,0]},"_coverageSchema":"1a1c01bbd47fc00a2c39e90264f33305004495a9","hash":"6aba83fdaa916947dd69ad6ea2f5d738ceb44c58"}
,"C:\\Users\\FORMATION\\Desktop\\AtypikHouse-main\\api\\controllers\\userController.js": {"path":"C:\\Users\\FORMATION\\Desktop\\AtypikHouse-main\\api\\controllers\\userController.js","statementMap":{"0":{"start":{"line":1,"column":13},"end":{"line":1,"column":38}},"1":{"start":{"line":2,"column":20},"end":{"line":2,"column":51}},"2":{"start":{"line":3,"column":15},"end":{"line":3,"column":34}},"3":{"start":{"line":4,"column":19},"end":{"line":4,"column":43}},"4":{"start":{"line":7,"column":0},"end":{"line":40,"column":2}},"5":{"start":{"line":8,"column":2},"end":{"line":39,"column":3}},"6":{"start":{"line":9,"column":38},"end":{"line":9,"column":46}},"7":{"start":{"line":11,"column":4},"end":{"line":15,"column":5}},"8":{"start":{"line":12,"column":6},"end":{"line":14,"column":9}},"9":{"start":{"line":18,"column":15},"end":{"line":18,"column":44}},"10":{"start":{"line":20,"column":4},"end":{"line":24,"column":5}},"11":{"start":{"line":21,"column":6},"end":{"line":23,"column":9}},"12":{"start":{"line":26,"column":4},"end":{"line":30,"column":7}},"13":{"start":{"line":33,"column":4},"end":{"line":33,"column":27}},"14":{"start":{"line":35,"column":4},"end":{"line":38,"column":7}},"15":{"start":{"line":43,"column":0},"end":{"line":79,"column":2}},"16":{"start":{"line":44,"column":2},"end":{"line":78,"column":3}},"17":{"start":{"line":45,"column":32},"end":{"line":45,"column":40}},"18":{"start":{"line":48,"column":4},"end":{"line":52,"column":5}},"19":{"start":{"line":49,"column":6},"end":{"line":51,"column":9}},"20":{"start":{"line":54,"column":17},"end":{"line":54,"column":46}},"21":{"start":{"line":56,"column":4},"end":{"line":60,"column":5}},"22":{"start":{"line":57,"column":6},"end":{"line":59,"column":9}},"23":{"start":{"line":63,"column":30},"end":{"line":63,"column":70}},"24":{"start":{"line":65,"column":4},"end":{"line":69,"column":5}},"25":{"start":{"line":66,"column":6},"end":{"line":68,"column":9}},"26":{"start":{"line":72,"column":4},"end":{"line":72,"column":27}},"27":{"start":{"line":74,"column":4},"end":{"line":77,"column":7}},"28":{"start":{"line":82,"column":0},"end":{"line":115,"column":2}},"29":{"start":{"line":83,"column":2},"end":{"line":114,"column":3}},"30":{"start":{"line":84,"column":28},"end":{"line":84,"column":36}},"31":{"start":{"line":86,"column":4},"end":{"line":93,"column":5}},"32":{"start":{"line":87,"column":6},"end":{"line":92,"column":8}},"33":{"start":{"line":96,"column":15},"end":{"line":96,"column":44}},"34":{"start":{"line":99,"column":4},"end":{"line":105,"column":5}},"35":{"start":{"line":100,"column":6},"end":{"line":104,"column":9}},"36":{"start":{"line":108,"column":4},"end":{"line":108,"column":27}},"37":{"start":{"line":110,"column":4},"end":{"line":113,"column":7}},"38":{"start":{"line":118,"column":0},"end":{"line":131,"column":2}},"39":{"start":{"line":119,"column":19},"end":{"line":119,"column":27}},"40":{"start":{"line":120,"column":2},"end":{"line":130,"column":3}},"41":{"start":{"line":121,"column":17},"end":{"line":123,"column":6}},"42":{"start":{"line":124,"column":4},"end":{"line":124,"column":44}},"43":{"start":{"line":126,"column":4},"end":{"line":129,"column":7}},"44":{"start":{"line":134,"column":0},"end":{"line":165,"column":2}},"45":{"start":{"line":135,"column":2},"end":{"line":164,"column":3}},"46":{"start":{"line":136,"column":47},"end":{"line":136,"column":55}},"47":{"start":{"line":138,"column":17},"end":{"line":138,"column":46}},"48":{"start":{"line":140,"column":4},"end":{"line":147,"column":5}},"49":{"start":{"line":141,"column":6},"end":{"line":146,"column":8}},"50":{"start":{"line":151,"column":4},"end":{"line":151,"column":21}},"51":{"start":{"line":152,"column":4},"end":{"line":159,"column":5}},"52":{"start":{"line":153,"column":6},"end":{"line":153,"column":29}},"53":{"start":{"line":154,"column":11},"end":{"line":159,"column":5}},"54":{"start":{"line":155,"column":6},"end":{"line":155,"column":31}},"55":{"start":{"line":157,"column":6},"end":{"line":157,"column":29}},"56":{"start":{"line":158,"column":6},"end":{"line":158,"column":31}},"57":{"start":{"line":160,"column":24},"end":{"line":160,"column":41}},"58":{"start":{"line":161,"column":4},"end":{"line":161,"column":34}},"59":{"start":{"line":163,"column":4},"end":{"line":163,"column":70}},"60":{"start":{"line":168,"column":0},"end":{"line":175,"column":2}},"61":{"start":{"line":169,"column":2},"end":{"line":174,"column":3}},"62":{"start":{"line":170,"column":18},"end":{"line":170,"column":35}},"63":{"start":{"line":171,"column":4},"end":{"line":171,"column":32}},"64":{"start":{"line":173,"column":4},"end":{"line":173,"column":85}},"65":{"start":{"line":178,"column":0},"end":{"line":189,"column":2}},"66":{"start":{"line":179,"column":2},"end":{"line":184,"column":5}},"67":{"start":{"line":185,"column":2},"end":{"line":188,"column":5}}},"fnMap":{"0":{"name":"(anonymous_0)","decl":{"start":{"line":7,"column":19},"end":{"line":7,"column":20}},"loc":{"start":{"line":7,"column":39},"end":{"line":40,"column":1}},"line":7},"1":{"name":"(anonymous_1)","decl":{"start":{"line":43,"column":16},"end":{"line":43,"column":17}},"loc":{"start":{"line":43,"column":36},"end":{"line":79,"column":1}},"line":43},"2":{"name":"(anonymous_2)","decl":{"start":{"line":82,"column":22},"end":{"line":82,"column":23}},"loc":{"start":{"line":82,"column":42},"end":{"line":115,"column":1}},"line":82},"3":{"name":"(anonymous_3)","decl":{"start":{"line":118,"column":24},"end":{"line":118,"column":25}},"loc":{"start":{"line":118,"column":44},"end":{"line":131,"column":1}},"line":118},"4":{"name":"(anonymous_4)","decl":{"start":{"line":134,"column":28},"end":{"line":134,"column":29}},"loc":{"start":{"line":134,"column":48},"end":{"line":165,"column":1}},"line":134},"5":{"name":"(anonymous_5)","decl":{"start":{"line":168,"column":22},"end":{"line":168,"column":23}},"loc":{"start":{"line":168,"column":42},"end":{"line":175,"column":1}},"line":168},"6":{"name":"(anonymous_6)","decl":{"start":{"line":178,"column":17},"end":{"line":178,"column":18}},"loc":{"start":{"line":178,"column":37},"end":{"line":189,"column":1}},"line":178}},"branchMap":{"0":{"loc":{"start":{"line":11,"column":4},"end":{"line":15,"column":5}},"type":"if","locations":[{"start":{"line":11,"column":4},"end":{"line":15,"column":5}},{"start":{},"end":{}}],"line":11},"1":{"loc":{"start":{"line":11,"column":8},"end":{"line":11,"column":36}},"type":"binary-expr","locations":[{"start":{"line":11,"column":8},"end":{"line":11,"column":13}},{"start":{"line":11,"column":17},"end":{"line":11,"column":23}},{"start":{"line":11,"column":27},"end":{"line":11,"column":36}}],"line":11},"2":{"loc":{"start":{"line":20,"column":4},"end":{"line":24,"column":5}},"type":"if","locations":[{"start":{"line":20,"column":4},"end":{"line":24,"column":5}},{"start":{},"end":{}}],"line":20},"3":{"loc":{"start":{"line":48,"column":4},"end":{"line":52,"column":5}},"type":"if","locations":[{"start":{"line":48,"column":4},"end":{"line":52,"column":5}},{"start":{},"end":{}}],"line":48},"4":{"loc":{"start":{"line":48,"column":8},"end":{"line":48,"column":27}},"type":"binary-expr","locations":[{"start":{"line":48,"column":8},"end":{"line":48,"column":14}},{"start":{"line":48,"column":18},"end":{"line":48,"column":27}}],"line":48},"5":{"loc":{"start":{"line":56,"column":4},"end":{"line":60,"column":5}},"type":"if","locations":[{"start":{"line":56,"column":4},"end":{"line":60,"column":5}},{"start":{},"end":{}}],"line":56},"6":{"loc":{"start":{"line":65,"column":4},"end":{"line":69,"column":5}},"type":"if","locations":[{"start":{"line":65,"column":4},"end":{"line":69,"column":5}},{"start":{},"end":{}}],"line":65},"7":{"loc":{"start":{"line":86,"column":4},"end":{"line":93,"column":5}},"type":"if","locations":[{"start":{"line":86,"column":4},"end":{"line":93,"column":5}},{"start":{},"end":{}}],"line":86},"8":{"loc":{"start":{"line":86,"column":8},"end":{"line":86,"column":23}},"type":"binary-expr","locations":[{"start":{"line":86,"column":8},"end":{"line":86,"column":13}},{"start":{"line":86,"column":17},"end":{"line":86,"column":23}}],"line":86},"9":{"loc":{"start":{"line":99,"column":4},"end":{"line":105,"column":5}},"type":"if","locations":[{"start":{"line":99,"column":4},"end":{"line":105,"column":5}},{"start":{},"end":{}}],"line":99},"10":{"loc":{"start":{"line":140,"column":4},"end":{"line":147,"column":5}},"type":"if","locations":[{"start":{"line":140,"column":4},"end":{"line":147,"column":5}},{"start":{},"end":{}}],"line":140},"11":{"loc":{"start":{"line":152,"column":4},"end":{"line":159,"column":5}},"type":"if","locations":[{"start":{"line":152,"column":4},"end":{"line":159,"column":5}},{"start":{"line":154,"column":11},"end":{"line":159,"column":5}}],"line":152},"12":{"loc":{"start":{"line":152,"column":8},"end":{"line":152,"column":28}},"type":"binary-expr","locations":[{"start":{"line":152,"column":8},"end":{"line":152,"column":15}},{"start":{"line":152,"column":19},"end":{"line":152,"column":28}}],"line":152},"13":{"loc":{"start":{"line":154,"column":11},"end":{"line":159,"column":5}},"type":"if","locations":[{"start":{"line":154,"column":11},"end":{"line":159,"column":5}},{"start":{"line":156,"column":11},"end":{"line":159,"column":5}}],"line":154},"14":{"loc":{"start":{"line":154,"column":15},"end":{"line":154,"column":35}},"type":"binary-expr","locations":[{"start":{"line":154,"column":15},"end":{"line":154,"column":23}},{"start":{"line":154,"column":27},"end":{"line":154,"column":35}}],"line":154}},"s":{"0":3,"1":3,"2":3,"3":3,"4":3,"5":1,"6":1,"7":1,"8":0,"9":1,"10":1,"11":0,"12":1,"13":1,"14":0,"15":3,"16":4,"17":4,"18":4,"19":0,"20":4,"21":4,"22":0,"23":4,"24":4,"25":1,"26":3,"27":0,"28":3,"29":0,"30":0,"31":0,"32":0,"33":0,"34":0,"35":0,"36":0,"37":0,"38":3,"39":0,"40":0,"41":0,"42":0,"43":0,"44":3,"45":0,"46":0,"47":0,"48":0,"49":0,"50":0,"51":0,"52":0,"53":0,"54":0,"55":0,"56":0,"57":0,"58":0,"59":0,"60":3,"61":0,"62":0,"63":0,"64":0,"65":3,"66":1,"67":1},"f":{"0":1,"1":4,"2":0,"3":0,"4":0,"5":0,"6":1},"b":{"0":[0,1],"1":[1,1,1],"2":[0,1],"3":[0,4],"4":[4,4],"5":[0,4],"6":[1,3],"7":[0,0],"8":[0,0],"9":[0,0],"10":[0,0],"11":[0,0],"12":[0,0],"13":[0,0],"14":[0,0]},"_coverageSchema":"1a1c01bbd47fc00a2c39e90264f33305004495a9","hash":"868a36d2bf28af11c1940a57bc772c1b3298416e"}
,"C:\\Users\\FORMATION\\Desktop\\AtypikHouse-main\\api\\middlewares\\user.js": {"path":"C:\\Users\\FORMATION\\Desktop\\AtypikHouse-main\\api\\middlewares\\user.js","statementMap":{"0":{"start":{"line":1,"column":12},"end":{"line":1,"column":35}},"1":{"start":{"line":2,"column":13},"end":{"line":2,"column":38}},"2":{"start":{"line":5,"column":0},"end":{"line":31,"column":2}},"3":{"start":{"line":6,"column":21},"end":{"line":6,"column":48}},"4":{"start":{"line":8,"column":4},"end":{"line":9,"column":59}},"5":{"start":{"line":11,"column":2},"end":{"line":16,"column":3}},"6":{"start":{"line":12,"column":4},"end":{"line":15,"column":7}},"7":{"start":{"line":18,"column":2},"end":{"line":30,"column":3}},"8":{"start":{"line":19,"column":20},"end":{"line":19,"column":61}},"9":{"start":{"line":20,"column":4},"end":{"line":20,"column":44}},"10":{"start":{"line":21,"column":4},"end":{"line":21,"column":47}},"11":{"start":{"line":22,"column":4},"end":{"line":22,"column":50}},"12":{"start":{"line":23,"column":4},"end":{"line":23,"column":11}},"13":{"start":{"line":25,"column":4},"end":{"line":25,"column":52}},"14":{"start":{"line":26,"column":4},"end":{"line":29,"column":7}},"15":{"start":{"line":34,"column":0},"end":{"line":40,"column":2}},"16":{"start":{"line":35,"column":2},"end":{"line":39,"column":3}},"17":{"start":{"line":36,"column":4},"end":{"line":36,"column":11}},"18":{"start":{"line":38,"column":4},"end":{"line":38,"column":42}},"19":{"start":{"line":43,"column":0},"end":{"line":55,"column":2}},"20":{"start":{"line":44,"column":2},"end":{"line":54,"column":3}},"21":{"start":{"line":48,"column":4},"end":{"line":48,"column":11}},"22":{"start":{"line":50,"column":4},"end":{"line":53,"column":7}}},"fnMap":{"0":{"name":"(anonymous_0)","decl":{"start":{"line":5,"column":21},"end":{"line":5,"column":22}},"loc":{"start":{"line":5,"column":47},"end":{"line":31,"column":1}},"line":5},"1":{"name":"(anonymous_1)","decl":{"start":{"line":34,"column":18},"end":{"line":34,"column":19}},"loc":{"start":{"line":34,"column":38},"end":{"line":40,"column":1}},"line":34},"2":{"name":"(anonymous_2)","decl":{"start":{"line":43,"column":29},"end":{"line":43,"column":30}},"loc":{"start":{"line":43,"column":49},"end":{"line":55,"column":1}},"line":43}},"branchMap":{"0":{"loc":{"start":{"line":8,"column":4},"end":{"line":9,"column":59}},"type":"binary-expr","locations":[{"start":{"line":8,"column":4},"end":{"line":8,"column":21}},{"start":{"line":9,"column":5},"end":{"line":9,"column":58}}],"line":8},"1":{"loc":{"start":{"line":9,"column":5},"end":{"line":9,"column":58}},"type":"cond-expr","locations":[{"start":{"line":9,"column":18},"end":{"line":9,"column":51}},{"start":{"line":9,"column":54},"end":{"line":9,"column":58}}],"line":9},"2":{"loc":{"start":{"line":11,"column":2},"end":{"line":16,"column":3}},"type":"if","locations":[{"start":{"line":11,"column":2},"end":{"line":16,"column":3}},{"start":{},"end":{}}],"line":11},"3":{"loc":{"start":{"line":35,"column":2},"end":{"line":39,"column":3}},"type":"if","locations":[{"start":{"line":35,"column":2},"end":{"line":39,"column":3}},{"start":{"line":37,"column":9},"end":{"line":39,"column":3}}],"line":35},"4":{"loc":{"start":{"line":35,"column":6},"end":{"line":35,"column":34}},"type":"binary-expr","locations":[{"start":{"line":35,"column":6},"end":{"line":35,"column":14}},{"start":{"line":35,"column":18},"end":{"line":35,"column":34}}],"line":35},"5":{"loc":{"start":{"line":44,"column":2},"end":{"line":54,"column":3}},"type":"if","locations":[{"start":{"line":44,"column":2},"end":{"line":54,"column":3}},{"start":{"line":49,"column":9},"end":{"line":54,"column":3}}],"line":44},"6":{"loc":{"start":{"line":45,"column":4},"end":{"line":46,"column":65}},"type":"binary-expr","locations":[{"start":{"line":45,"column":4},"end":{"line":45,"column":12}},{"start":{"line":46,"column":5},"end":{"line":46,"column":30}},{"start":{"line":46,"column":34},"end":{"line":46,"column":64}}],"line":45}},"s":{"0":3,"1":3,"2":3,"3":0,"4":0,"5":0,"6":0,"7":0,"8":0,"9":0,"10":0,"11":0,"12":0,"13":0,"14":0,"15":3,"16":0,"17":0,"18":0,"19":3,"20":0,"21":0,"22":0},"f":{"0":0,"1":0,"2":0},"b":{"0":[0,0],"1":[0,0],"2":[0,0],"3":[0,0],"4":[0,0],"5":[0,0],"6":[0,0,0]},"_coverageSchema":"1a1c01bbd47fc00a2c39e90264f33305004495a9","hash":"480aa9cac6256bc4b160bf184f488dc9854c3f3f"}
,"C:\\Users\\FORMATION\\Desktop\\AtypikHouse-main\\api\\models\\Booking.js": {"path":"C:\\Users\\FORMATION\\Desktop\\AtypikHouse-main\\api\\models\\Booking.js","statementMap":{"0":{"start":{"line":1,"column":17},"end":{"line":1,"column":36}},"1":{"start":{"line":3,"column":22},"end":{"line":34,"column":2}},"2":{"start":{"line":36,"column":16},"end":{"line":36,"column":56}},"3":{"start":{"line":38,"column":0},"end":{"line":38,"column":25}}},"fnMap":{},"branchMap":{},"s":{"0":3,"1":3,"2":3,"3":3},"f":{},"b":{},"_coverageSchema":"1a1c01bbd47fc00a2c39e90264f33305004495a9","hash":"dda4167923a7e718b519330aded7be3a93e98330"}
,"C:\\Users\\FORMATION\\Desktop\\AtypikHouse-main\\api\\models\\Place.js": {"path":"C:\\Users\\FORMATION\\Desktop\\AtypikHouse-main\\api\\models\\Place.js","statementMap":{"0":{"start":{"line":1,"column":17},"end":{"line":1,"column":36}},"1":{"start":{"line":3,"column":20},"end":{"line":7,"column":2}},"2":{"start":{"line":9,"column":21},"end":{"line":15,"column":2}},"3":{"start":{"line":17,"column":20},"end":{"line":64,"column":2}},"4":{"start":{"line":66,"column":14},"end":{"line":66,"column":50}},"5":{"start":{"line":68,"column":0},"end":{"line":68,"column":23}}},"fnMap":{},"branchMap":{},"s":{"0":3,"1":3,"2":3,"3":3,"4":3,"5":3},"f":{},"b":{},"_coverageSchema":"1a1c01bbd47fc00a2c39e90264f33305004495a9","hash":"53e1cd1272576e26c432cbe9f271c1c0a1bb6f34"}
,"C:\\Users\\FORMATION\\Desktop\\AtypikHouse-main\\api\\models\\User.js": {"path":"C:\\Users\\FORMATION\\Desktop\\AtypikHouse-main\\api\\models\\User.js","statementMap":{"0":{"start":{"line":1,"column":17},"end":{"line":1,"column":36}},"1":{"start":{"line":2,"column":15},"end":{"line":2,"column":34}},"2":{"start":{"line":3,"column":12},"end":{"line":3,"column":35}},"3":{"start":{"line":5,"column":19},"end":{"line":34,"column":2}},"4":{"start":{"line":37,"column":0},"end":{"line":39,"column":3}},"5":{"start":{"line":38,"column":2},"end":{"line":38,"column":55}},"6":{"start":{"line":42,"column":0},"end":{"line":46,"column":2}},"7":{"start":{"line":43,"column":2},"end":{"line":45,"column":5}},"8":{"start":{"line":49,"column":0},"end":{"line":51,"column":2}},"9":{"start":{"line":50,"column":2},"end":{"line":50,"column":63}},"10":{"start":{"line":53,"column":13},"end":{"line":53,"column":47}},"11":{"start":{"line":55,"column":0},"end":{"line":55,"column":22}}},"fnMap":{"0":{"name":"(anonymous_0)","decl":{"start":{"line":37,"column":23},"end":{"line":37,"column":24}},"loc":{"start":{"line":37,"column":45},"end":{"line":39,"column":1}},"line":37},"1":{"name":"(anonymous_1)","decl":{"start":{"line":42,"column":33},"end":{"line":42,"column":34}},"loc":{"start":{"line":42,"column":45},"end":{"line":46,"column":1}},"line":42},"2":{"name":"(anonymous_2)","decl":{"start":{"line":49,"column":41},"end":{"line":49,"column":42}},"loc":{"start":{"line":49,"column":75},"end":{"line":51,"column":1}},"line":49}},"branchMap":{},"s":{"0":3,"1":3,"2":3,"3":3,"4":3,"5":3,"6":3,"7":4,"8":3,"9":4,"10":3,"11":3},"f":{"0":3,"1":4,"2":4},"b":{},"_coverageSchema":"1a1c01bbd47fc00a2c39e90264f33305004495a9","hash":"907a24c2021adf81ca767b5732febd1d95d0a4ce"}
,"C:\\Users\\FORMATION\\Desktop\\AtypikHouse-main\\api\\routes\\admin.js": {"path":"C:\\Users\\FORMATION\\Desktop\\AtypikHouse-main\\api\\routes\\admin.js","statementMap":{"0":{"start":{"line":1,"column":16},"end":{"line":1,"column":34}},"1":{"start":{"line":2,"column":24},"end":{"line":2,"column":65}},"2":{"start":{"line":7,"column":4},"end":{"line":7,"column":34}},"3":{"start":{"line":9,"column":15},"end":{"line":9,"column":31}},"4":{"start":{"line":12,"column":0},"end":{"line":12,"column":23}},"5":{"start":{"line":15,"column":0},"end":{"line":15,"column":59}},"6":{"start":{"line":16,"column":0},"end":{"line":16,"column":68}},"7":{"start":{"line":17,"column":0},"end":{"line":17,"column":77}},"8":{"start":{"line":18,"column":0},"end":{"line":18,"column":65}},"9":{"start":{"line":21,"column":0},"end":{"line":21,"column":59}},"10":{"start":{"line":22,"column":0},"end":{"line":22,"column":56}},"11":{"start":{"line":23,"column":0},"end":{"line":23,"column":67}},"12":{"start":{"line":26,"column":0},"end":{"line":26,"column":61}},"13":{"start":{"line":27,"column":0},"end":{"line":27,"column":58}},"14":{"start":{"line":28,"column":0},"end":{"line":28,"column":64}},"15":{"start":{"line":29,"column":0},"end":{"line":29,"column":67}},"16":{"start":{"line":32,"column":0},"end":{"line":36,"column":2}},"17":{"start":{"line":37,"column":0},"end":{"line":41,"column":2}},"18":{"start":{"line":42,"column":0},"end":{"line":46,"column":2}},"19":{"start":{"line":48,"column":0},"end":{"line":48,"column":78}},"20":{"start":{"line":50,"column":0},"end":{"line":50,"column":24}}},"fnMap":{},"branchMap":{},"s":{"0":3,"1":3,"2":3,"3":3,"4":3,"5":3,"6":3,"7":3,"8":3,"9":3,"10":3,"11":3,"12":3,"13":3,"14":3,"15":3,"16":3,"17":3,"18":3,"19":3,"20":3},"f":{},"b":{},"_coverageSchema":"1a1c01bbd47fc00a2c39e90264f33305004495a9","hash":"41023c78b63c634f35365da57eb6e41f2f116166"}
,"C:\\Users\\FORMATION\\Desktop\\AtypikHouse-main\\api\\routes\\booking.js": {"path":"C:\\Users\\FORMATION\\Desktop\\AtypikHouse-main\\api\\routes\\booking.js","statementMap":{"0":{"start":{"line":1,"column":16},"end":{"line":1,"column":34}},"1":{"start":{"line":2,"column":15},"end":{"line":2,"column":31}},"2":{"start":{"line":3,"column":23},"end":{"line":3,"column":53}},"3":{"start":{"line":8,"column":4},"end":{"line":8,"column":47}},"4":{"start":{"line":11,"column":0},"end":{"line":11,"column":80}},"5":{"start":{"line":13,"column":0},"end":{"line":13,"column":24}}},"fnMap":{},"branchMap":{},"s":{"0":3,"1":3,"2":3,"3":3,"4":3,"5":3},"f":{},"b":{},"_coverageSchema":"1a1c01bbd47fc00a2c39e90264f33305004495a9","hash":"a33973c3db8563c8c3d6ef2dd1406c641d2661e5"}
,"C:\\Users\\FORMATION\\Desktop\\AtypikHouse-main\\api\\routes\\place.js": {"path":"C:\\Users\\FORMATION\\Desktop\\AtypikHouse-main\\api\\routes\\place.js","statementMap":{"0":{"start":{"line":1,"column":16},"end":{"line":1,"column":34}},"1":{"start":{"line":2,"column":15},"end":{"line":2,"column":31}},"2":{"start":{"line":3,"column":23},"end":{"line":3,"column":53}},"3":{"start":{"line":14,"column":4},"end":{"line":14,"column":45}},"4":{"start":{"line":17,"column":0},"end":{"line":17,"column":33}},"5":{"start":{"line":20,"column":0},"end":{"line":20,"column":55}},"6":{"start":{"line":21,"column":0},"end":{"line":21,"column":57}},"7":{"start":{"line":22,"column":0},"end":{"line":22,"column":59}},"8":{"start":{"line":25,"column":0},"end":{"line":25,"column":56}},"9":{"start":{"line":26,"column":0},"end":{"line":26,"column":51}},"10":{"start":{"line":27,"column":0},"end":{"line":27,"column":76}},"11":{"start":{"line":30,"column":0},"end":{"line":30,"column":38}},"12":{"start":{"line":31,"column":0},"end":{"line":31,"column":47}},"13":{"start":{"line":33,"column":0},"end":{"line":33,"column":24}}},"fnMap":{},"branchMap":{},"s":{"0":3,"1":3,"2":3,"3":3,"4":3,"5":3,"6":3,"7":3,"8":3,"9":3,"10":3,"11":3,"12":3,"13":3},"f":{},"b":{},"_coverageSchema":"1a1c01bbd47fc00a2c39e90264f33305004495a9","hash":"c912a16698ad88f0140b27725bc812a2f7298dac"}
,"C:\\Users\\FORMATION\\Desktop\\AtypikHouse-main\\api\\routes\\user.js": {"path":"C:\\Users\\FORMATION\\Desktop\\AtypikHouse-main\\api\\routes\\user.js","statementMap":{"0":{"start":{"line":1,"column":16},"end":{"line":1,"column":34}},"1":{"start":{"line":2,"column":15},"end":{"line":2,"column":31}},"2":{"start":{"line":3,"column":15},"end":{"line":3,"column":32}},"3":{"start":{"line":4,"column":43},"end":{"line":4,"column":73}},"4":{"start":{"line":6,"column":15},"end":{"line":6,"column":39}},"5":{"start":{"line":16,"column":4},"end":{"line":16,"column":44}},"6":{"start":{"line":18,"column":0},"end":{"line":18,"column":41}},"7":{"start":{"line":19,"column":0},"end":{"line":19,"column":35}},"8":{"start":{"line":20,"column":0},"end":{"line":20,"column":48}},"9":{"start":{"line":21,"column":0},"end":{"line":23,"column":52}},"10":{"start":{"line":24,"column":0},"end":{"line":24,"column":52}},"11":{"start":{"line":25,"column":0},"end":{"line":25,"column":36}},"12":{"start":{"line":28,"column":0},"end":{"line":28,"column":67}},"13":{"start":{"line":30,"column":0},"end":{"line":30,"column":24}}},"fnMap":{},"branchMap":{},"s":{"0":3,"1":3,"2":3,"3":3,"4":3,"5":3,"6":3,"7":3,"8":3,"9":3,"10":3,"11":3,"12":3,"13":3},"f":{},"b":{},"_coverageSchema":"1a1c01bbd47fc00a2c39e90264f33305004495a9","hash":"e1ef2f6a657c21b753393de2ebd936389d69ef43"}
,"C:\\Users\\FORMATION\\Desktop\\AtypikHouse-main\\api\\utils\\cookieToken.js": {"path":"C:\\Users\\FORMATION\\Desktop\\AtypikHouse-main\\api\\utils\\cookieToken.js","statementMap":{"0":{"start":{"line":1,"column":20},"end":{"line":20,"column":1}},"1":{"start":{"line":2,"column":18},"end":{"line":2,"column":36}},"2":{"start":{"line":4,"column":20},"end":{"line":11,"column":5}},"3":{"start":{"line":14,"column":4},"end":{"line":14,"column":30}},"4":{"start":{"line":15,"column":4},"end":{"line":19,"column":7}},"5":{"start":{"line":22,"column":0},"end":{"line":22,"column":29}}},"fnMap":{"0":{"name":"(anonymous_0)","decl":{"start":{"line":1,"column":20},"end":{"line":1,"column":21}},"loc":{"start":{"line":1,"column":35},"end":{"line":20,"column":1}},"line":1}},"branchMap":{},"s":{"0":3,"1":4,"2":4,"3":4,"4":4,"5":3},"f":{"0":4},"b":{},"_coverageSchema":"1a1c01bbd47fc00a2c39e90264f33305004495a9","hash":"c65b1b57e8d88c7d78a87809ffa7b4e4286e2b7b"}
}
