{"C:\\Users\\FORMATION\\Desktop\\AtypikHouse-main\\api\\controllers\\adminController.js": {"path":"C:\\Users\\FORMATION\\Desktop\\AtypikHouse-main\\api\\controllers\\adminController.js","statementMap":{"0":{"start":{"line":1,"column":13},"end":{"line":1,"column":38}},"1":{"start":{"line":4,"column":0},"end":{"line":17,"column":2}},"2":{"start":{"line":5,"column":2},"end":{"line":16,"column":3}},"3":{"start":{"line":6,"column":38},"end":{"line":6,"column":46}},"4":{"start":{"line":7,"column":17},"end":{"line":7,"column":67}},"5":{"start":{"line":8,"column":4},"end":{"line":8,"column":22}},"6":{"start":{"line":9,"column":4},"end":{"line":9,"column":56}},"7":{"start":{"line":11,"column":4},"end":{"line":15,"column":7}},"8":{"start":{"line":19,"column":0},"end":{"line":40,"column":2}},"9":{"start":{"line":20,"column":2},"end":{"line":39,"column":3}},"10":{"start":{"line":21,"column":19},"end":{"line":21,"column":29}},"11":{"start":{"line":22,"column":28},"end":{"line":22,"column":36}},"12":{"start":{"line":24,"column":24},"end":{"line":28,"column":5}},"13":{"start":{"line":30,"column":4},"end":{"line":32,"column":5}},"14":{"start":{"line":31,"column":6},"end":{"line":31,"column":65}},"15":{"start":{"line":34,"column":4},"end":{"line":36,"column":73}},"16":{"start":{"line":38,"column":4},"end":{"line":38,"column":68}},"17":{"start":{"line":43,"column":0},"end":{"line":58,"column":2}},"18":{"start":{"line":44,"column":17},"end":{"line":44,"column":27}},"19":{"start":{"line":45,"column":19},"end":{"line":45,"column":27}},"20":{"start":{"line":47,"column":2},"end":{"line":57,"column":3}},"21":{"start":{"line":48,"column":17},"end":{"line":48,"column":74}},"22":{"start":{"line":49,"column":4},"end":{"line":53,"column":5}},"23":{"start":{"line":50,"column":6},"end":{"line":52,"column":61}},"24":{"start":{"line":54,"column":4},"end":{"line":54,"column":56}},"25":{"start":{"line":56,"column":4},"end":{"line":56,"column":79}},"26":{"start":{"line":60,"column":0},"end":{"line":72,"column":2}},"27":{"start":{"line":61,"column":2},"end":{"line":71,"column":3}},"28":{"start":{"line":62,"column":19},"end":{"line":62,"column":29}},"29":{"start":{"line":63,"column":4},"end":{"line":63,"column":37}},"30":{"start":{"line":64,"column":4},"end":{"line":64,"column":77}},"31":{"start":{"line":66,"column":4},"end":{"line":70,"column":7}},"32":{"start":{"line":75,"column":14},"end":{"line":75,"column":40}},"33":{"start":{"line":77,"column":18},"end":{"line":84,"column":1}},"34":{"start":{"line":86,"column":0},"end":{"line":110,"column":2}},"35":{"start":{"line":87,"column":2},"end":{"line":109,"column":3}},"36":{"start":{"line":88,"column":19},"end":{"line":88,"column":37}},"37":{"start":{"line":89,"column":21},"end":{"line":89,"column":61}},"38":{"start":{"line":89,"column":48},"end":{"line":89,"column":59}},"39":{"start":{"line":92,"column":4},"end":{"line":99,"column":7}},"40":{"start":{"line":93,"column":6},"end":{"line":98,"column":9}},"41":{"start":{"line":94,"column":8},"end":{"line":97,"column":9}},"42":{"start":{"line":95,"column":23},"end":{"line":95,"column":71}},"43":{"start":{"line":95,"column":43},"end":{"line":95,"column":58}},"44":{"start":{"line":96,"column":10},"end":{"line":96,"column":51}},"45":{"start":{"line":101,"column":4},"end":{"line":104,"column":7}},"46":{"start":{"line":106,"column":4},"end":{"line":108,"column":70}},"47":{"start":{"line":112,"column":0},"end":{"line":124,"column":2}},"48":{"start":{"line":113,"column":2},"end":{"line":123,"column":3}},"49":{"start":{"line":114,"column":21},"end":{"line":114,"column":29}},"50":{"start":{"line":115,"column":18},"end":{"line":115,"column":39}},"51":{"start":{"line":116,"column":4},"end":{"line":116,"column":27}},"52":{"start":{"line":117,"column":4},"end":{"line":117,"column":23}},"53":{"start":{"line":118,"column":4},"end":{"line":118,"column":63}},"54":{"start":{"line":120,"column":4},"end":{"line":122,"column":70}},"55":{"start":{"line":126,"column":0},"end":{"line":138,"column":2}},"56":{"start":{"line":127,"column":2},"end":{"line":137,"column":3}},"57":{"start":{"line":128,"column":21},"end":{"line":128,"column":31}},"58":{"start":{"line":129,"column":18},"end":{"line":129,"column":39}},"59":{"start":{"line":130,"column":4},"end":{"line":130,"column":62}},"60":{"start":{"line":130,"column":47},"end":{"line":130,"column":60}},"61":{"start":{"line":131,"column":4},"end":{"line":131,"column":23}},"62":{"start":{"line":132,"column":4},"end":{"line":132,"column":63}},"63":{"start":{"line":134,"column":4},"end":{"line":136,"column":70}},"64":{"start":{"line":143,"column":0},"end":{"line":152,"column":2}},"65":{"start":{"line":144,"column":2},"end":{"line":151,"column":3}},"66":{"start":{"line":145,"column":19},"end":{"line":145,"column":37}},"67":{"start":{"line":146,"column":4},"end":{"line":146,"column":58}},"68":{"start":{"line":148,"column":4},"end":{"line":150,"column":77}},"69":{"start":{"line":155,"column":0},"end":{"line":171,"column":2}},"70":{"start":{"line":156,"column":2},"end":{"line":170,"column":3}},"71":{"start":{"line":157,"column":21},"end":{"line":157,"column":40}},"72":{"start":{"line":158,"column":23},"end":{"line":158,"column":44}},"73":{"start":{"line":159,"column":4},"end":{"line":163,"column":7}},"74":{"start":{"line":165,"column":4},"end":{"line":169,"column":7}},"75":{"start":{"line":174,"column":0},"end":{"line":201,"column":2}},"76":{"start":{"line":175,"column":2},"end":{"line":200,"column":3}},"77":{"start":{"line":176,"column":19},"end":{"line":176,"column":29}},"78":{"start":{"line":177,"column":24},"end":{"line":177,"column":32}},"79":{"start":{"line":179,"column":25},"end":{"line":181,"column":6}},"80":{"start":{"line":183,"column":4},"end":{"line":187,"column":5}},"81":{"start":{"line":184,"column":6},"end":{"line":186,"column":62}},"82":{"start":{"line":189,"column":4},"end":{"line":193,"column":7}},"83":{"start":{"line":195,"column":4},"end":{"line":199,"column":7}},"84":{"start":{"line":204,"column":0},"end":{"line":228,"column":2}},"85":{"start":{"line":205,"column":2},"end":{"line":227,"column":3}},"86":{"start":{"line":206,"column":19},"end":{"line":206,"column":29}},"87":{"start":{"line":208,"column":25},"end":{"line":208,"column":58}},"88":{"start":{"line":210,"column":4},"end":{"line":214,"column":5}},"89":{"start":{"line":211,"column":6},"end":{"line":213,"column":62}},"90":{"start":{"line":216,"column":4},"end":{"line":220,"column":7}},"91":{"start":{"line":222,"column":4},"end":{"line":226,"column":7}},"92":{"start":{"line":231,"column":0},"end":{"line":244,"column":2}},"93":{"start":{"line":232,"column":2},"end":{"line":243,"column":3}},"94":{"start":{"line":233,"column":19},"end":{"line":233,"column":29}},"95":{"start":{"line":234,"column":20},"end":{"line":234,"column":28}},"96":{"start":{"line":235,"column":17},"end":{"line":235,"column":73}},"97":{"start":{"line":236,"column":4},"end":{"line":236,"column":56}},"98":{"start":{"line":238,"column":4},"end":{"line":242,"column":7}},"99":{"start":{"line":247,"column":0},"end":{"line":256,"column":2}},"100":{"start":{"line":248,"column":2},"end":{"line":255,"column":3}},"101":{"start":{"line":249,"column":18},"end":{"line":249,"column":35}},"102":{"start":{"line":250,"column":4},"end":{"line":250,"column":57}},"103":{"start":{"line":252,"column":4},"end":{"line":254,"column":77}},"104":{"start":{"line":259,"column":0},"end":{"line":280,"column":2}},"105":{"start":{"line":260,"column":2},"end":{"line":279,"column":3}},"106":{"start":{"line":261,"column":4},"end":{"line":261,"column":42}},"107":{"start":{"line":262,"column":19},"end":{"line":264,"column":47}},"108":{"start":{"line":265,"column":4},"end":{"line":265,"column":51}},"109":{"start":{"line":267,"column":23},"end":{"line":270,"column":5}},"110":{"start":{"line":268,"column":22},"end":{"line":268,"column":48}},"111":{"start":{"line":271,"column":4},"end":{"line":271,"column":54}},"112":{"start":{"line":273,"column":4},"end":{"line":273,"column":62}},"113":{"start":{"line":275,"column":4},"end":{"line":275,"column":69}},"114":{"start":{"line":276,"column":4},"end":{"line":278,"column":77}},"115":{"start":{"line":282,"column":0},"end":{"line":308,"column":2}},"116":{"start":{"line":283,"column":2},"end":{"line":307,"column":3}},"117":{"start":{"line":284,"column":25},"end":{"line":284,"column":35}},"118":{"start":{"line":285,"column":19},"end":{"line":288,"column":5}},"119":{"start":{"line":290,"column":4},"end":{"line":295,"column":5}},"120":{"start":{"line":291,"column":6},"end":{"line":294,"column":9}},"121":{"start":{"line":297,"column":4},"end":{"line":299,"column":76}},"122":{"start":{"line":301,"column":4},"end":{"line":301,"column":74}},"123":{"start":{"line":302,"column":4},"end":{"line":306,"column":7}},"124":{"start":{"line":310,"column":0},"end":{"line":336,"column":2}},"125":{"start":{"line":311,"column":2},"end":{"line":335,"column":3}},"126":{"start":{"line":312,"column":34},"end":{"line":312,"column":44}},"127":{"start":{"line":313,"column":19},"end":{"line":316,"column":5}},"128":{"start":{"line":318,"column":4},"end":{"line":323,"column":5}},"129":{"start":{"line":319,"column":6},"end":{"line":322,"column":9}},"130":{"start":{"line":325,"column":4},"end":{"line":327,"column":73}},"131":{"start":{"line":329,"column":4},"end":{"line":329,"column":73}},"132":{"start":{"line":330,"column":4},"end":{"line":334,"column":7}}},"fnMap":{"0":{"name":"(anonymous_0)","decl":{"start":{"line":4,"column":24},"end":{"line":4,"column":25}},"loc":{"start":{"line":4,"column":44},"end":{"line":17,"column":1}},"line":4},"1":{"name":"(anonymous_1)","decl":{"start":{"line":19,"column":21},"end":{"line":19,"column":22}},"loc":{"start":{"line":19,"column":41},"end":{"line":40,"column":1}},"line":19},"2":{"name":"(anonymous_2)","decl":{"start":{"line":43,"column":25},"end":{"line":43,"column":26}},"loc":{"start":{"line":43,"column":45},"end":{"line":58,"column":1}},"line":43},"3":{"name":"(anonymous_3)","decl":{"start":{"line":60,"column":21},"end":{"line":60,"column":22}},"loc":{"start":{"line":60,"column":41},"end":{"line":72,"column":1}},"line":60},"4":{"name":"(anonymous_4)","decl":{"start":{"line":86,"column":22},"end":{"line":86,"column":23}},"loc":{"start":{"line":86,"column":42},"end":{"line":110,"column":1}},"line":86},"5":{"name":"(anonymous_5)","decl":{"start":{"line":89,"column":43},"end":{"line":89,"column":44}},"loc":{"start":{"line":89,"column":48},"end":{"line":89,"column":59}},"line":89},"6":{"name":"(anonymous_6)","decl":{"start":{"line":92,"column":19},"end":{"line":92,"column":20}},"loc":{"start":{"line":92,"column":28},"end":{"line":99,"column":5}},"line":92},"7":{"name":"(anonymous_7)","decl":{"start":{"line":93,"column":26},"end":{"line":93,"column":27}},"loc":{"start":{"line":93,"column":34},"end":{"line":98,"column":7}},"line":93},"8":{"name":"(anonymous_8)","decl":{"start":{"line":95,"column":38},"end":{"line":95,"column":39}},"loc":{"start":{"line":95,"column":43},"end":{"line":95,"column":58}},"line":95},"9":{"name":"(anonymous_9)","decl":{"start":{"line":112,"column":18},"end":{"line":112,"column":19}},"loc":{"start":{"line":112,"column":38},"end":{"line":124,"column":1}},"line":112},"10":{"name":"(anonymous_10)","decl":{"start":{"line":126,"column":21},"end":{"line":126,"column":22}},"loc":{"start":{"line":126,"column":41},"end":{"line":138,"column":1}},"line":126},"11":{"name":"(anonymous_11)","decl":{"start":{"line":130,"column":37},"end":{"line":130,"column":38}},"loc":{"start":{"line":130,"column":47},"end":{"line":130,"column":60}},"line":130},"12":{"name":"(anonymous_12)","decl":{"start":{"line":143,"column":23},"end":{"line":143,"column":24}},"loc":{"start":{"line":143,"column":43},"end":{"line":152,"column":1}},"line":143},"13":{"name":"(anonymous_13)","decl":{"start":{"line":155,"column":19},"end":{"line":155,"column":20}},"loc":{"start":{"line":155,"column":39},"end":{"line":171,"column":1}},"line":155},"14":{"name":"(anonymous_14)","decl":{"start":{"line":174,"column":22},"end":{"line":174,"column":23}},"loc":{"start":{"line":174,"column":42},"end":{"line":201,"column":1}},"line":174},"15":{"name":"(anonymous_15)","decl":{"start":{"line":204,"column":22},"end":{"line":204,"column":23}},"loc":{"start":{"line":204,"column":42},"end":{"line":228,"column":1}},"line":204},"16":{"name":"(anonymous_16)","decl":{"start":{"line":231,"column":28},"end":{"line":231,"column":29}},"loc":{"start":{"line":231,"column":48},"end":{"line":244,"column":1}},"line":231},"17":{"name":"(anonymous_17)","decl":{"start":{"line":247,"column":22},"end":{"line":247,"column":23}},"loc":{"start":{"line":247,"column":42},"end":{"line":256,"column":1}},"line":247},"18":{"name":"(anonymous_18)","decl":{"start":{"line":259,"column":24},"end":{"line":259,"column":25}},"loc":{"start":{"line":259,"column":44},"end":{"line":280,"column":1}},"line":259},"19":{"name":"(anonymous_19)","decl":{"start":{"line":268,"column":6},"end":{"line":268,"column":7}},"loc":{"start":{"line":268,"column":22},"end":{"line":268,"column":48}},"line":268},"20":{"name":"(anonymous_20)","decl":{"start":{"line":282,"column":23},"end":{"line":282,"column":24}},"loc":{"start":{"line":282,"column":43},"end":{"line":308,"column":1}},"line":282},"21":{"name":"(anonymous_21)","decl":{"start":{"line":310,"column":22},"end":{"line":310,"column":23}},"loc":{"start":{"line":310,"column":42},"end":{"line":336,"column":1}},"line":310}},"branchMap":{"0":{"loc":{"start":{"line":30,"column":4},"end":{"line":32,"column":5}},"type":"if","locations":[{"start":{"line":30,"column":4},"end":{"line":32,"column":5}},{"start":{},"end":{}}],"line":30},"1":{"loc":{"start":{"line":49,"column":4},"end":{"line":53,"column":5}},"type":"if","locations":[{"start":{"line":49,"column":4},"end":{"line":53,"column":5}},{"start":{},"end":{}}],"line":49},"2":{"loc":{"start":{"line":94,"column":8},"end":{"line":97,"column":9}},"type":"if","locations":[{"start":{"line":94,"column":8},"end":{"line":97,"column":9}},{"start":{},"end":{}}],"line":94},"3":{"loc":{"start":{"line":95,"column":23},"end":{"line":95,"column":71}},"type":"binary-expr","locations":[{"start":{"line":95,"column":23},"end":{"line":95,"column":65}},{"start":{"line":95,"column":69},"end":{"line":95,"column":71}}],"line":95},"4":{"loc":{"start":{"line":183,"column":4},"end":{"line":187,"column":5}},"type":"if","locations":[{"start":{"line":183,"column":4},"end":{"line":187,"column":5}},{"start":{},"end":{}}],"line":183},"5":{"loc":{"start":{"line":210,"column":4},"end":{"line":214,"column":5}},"type":"if","locations":[{"start":{"line":210,"column":4},"end":{"line":214,"column":5}},{"start":{},"end":{}}],"line":210},"6":{"loc":{"start":{"line":290,"column":4},"end":{"line":295,"column":5}},"type":"if","locations":[{"start":{"line":290,"column":4},"end":{"line":295,"column":5}},{"start":{},"end":{}}],"line":290},"7":{"loc":{"start":{"line":318,"column":4},"end":{"line":323,"column":5}},"type":"if","locations":[{"start":{"line":318,"column":4},"end":{"line":323,"column":5}},{"start":{},"end":{}}],"line":318}},"s":{"0":1,"1":1,"2":1,"3":1,"4":1,"5":1,"6":1,"7":0,"8":1,"9":2,"10":2,"11":2,"12":2,"13":2,"14":1,"15":1,"16":0,"17":1,"18":2,"19":2,"20":2,"21":2,"22":2,"23":1,"24":1,"25":0,"26":1,"27":1,"28":1,"29":1,"30":1,"31":0,"32":1,"33":1,"34":1,"35":2,"36":2,"37":2,"38":12,"39":2,"40":1,"41":2,"42":1,"43":6,"44":1,"45":2,"46":0,"47":1,"48":1,"49":1,"50":1,"51":1,"52":1,"53":1,"54":0,"55":1,"56":1,"57":1,"58":1,"59":1,"60":2,"61":1,"62":1,"63":0,"64":1,"65":1,"66":1,"67":1,"68":0,"69":1,"70":1,"71":1,"72":1,"73":1,"74":0,"75":1,"76":2,"77":2,"78":2,"79":2,"80":2,"81":1,"82":1,"83":0,"84":1,"85":2,"86":2,"87":2,"88":2,"89":1,"90":1,"91":0,"92":1,"93":1,"94":1,"95":1,"96":1,"97":1,"98":0,"99":1,"100":1,"101":1,"102":1,"103":0,"104":1,"105":1,"106":1,"107":1,"108":1,"109":1,"110":2,"111":1,"112":1,"113":0,"114":0,"115":1,"116":2,"117":2,"118":2,"119":2,"120":1,"121":1,"122":0,"123":0,"124":1,"125":2,"126":2,"127":2,"128":2,"129":1,"130":1,"131":0,"132":0},"f":{"0":1,"1":2,"2":2,"3":1,"4":2,"5":12,"6":1,"7":2,"8":6,"9":1,"10":1,"11":2,"12":1,"13":1,"14":2,"15":2,"16":1,"17":1,"18":1,"19":2,"20":2,"21":2},"b":{"0":[1,1],"1":[1,1],"2":[1,1],"3":[1,1],"4":[1,1],"5":[1,1],"6":[1,1],"7":[1,1]},"_coverageSchema":"1a1c01bbd47fc00a2c39e90264f33305004495a9","hash":"a2d24ba9c2203601e708f3d70c19723635b48dd2"}
,"C:\\Users\\FORMATION\\Desktop\\AtypikHouse-main\\api\\models\\Place.js": {"path":"C:\\Users\\FORMATION\\Desktop\\AtypikHouse-main\\api\\models\\Place.js","statementMap":{"0":{"start":{"line":1,"column":17},"end":{"line":1,"column":36}},"1":{"start":{"line":3,"column":20},"end":{"line":7,"column":2}},"2":{"start":{"line":9,"column":21},"end":{"line":15,"column":2}},"3":{"start":{"line":17,"column":20},"end":{"line":64,"column":2}},"4":{"start":{"line":66,"column":14},"end":{"line":66,"column":50}},"5":{"start":{"line":68,"column":0},"end":{"line":68,"column":23}}},"fnMap":{},"branchMap":{},"s":{"0":1,"1":1,"2":1,"3":1,"4":1,"5":1},"f":{},"b":{},"_coverageSchema":"1a1c01bbd47fc00a2c39e90264f33305004495a9","hash":"53e1cd1272576e26c432cbe9f271c1c0a1bb6f34"}
,"C:\\Users\\FORMATION\\Desktop\\AtypikHouse-main\\api\\models\\User.js": {"path":"C:\\Users\\FORMATION\\Desktop\\AtypikHouse-main\\api\\models\\User.js","statementMap":{"0":{"start":{"line":1,"column":17},"end":{"line":1,"column":36}},"1":{"start":{"line":2,"column":15},"end":{"line":2,"column":34}},"2":{"start":{"line":3,"column":12},"end":{"line":3,"column":35}},"3":{"start":{"line":5,"column":19},"end":{"line":34,"column":2}},"4":{"start":{"line":37,"column":0},"end":{"line":39,"column":3}},"5":{"start":{"line":38,"column":2},"end":{"line":38,"column":55}},"6":{"start":{"line":42,"column":0},"end":{"line":46,"column":2}},"7":{"start":{"line":43,"column":2},"end":{"line":45,"column":5}},"8":{"start":{"line":49,"column":0},"end":{"line":51,"column":2}},"9":{"start":{"line":50,"column":2},"end":{"line":50,"column":63}},"10":{"start":{"line":53,"column":13},"end":{"line":53,"column":47}},"11":{"start":{"line":55,"column":0},"end":{"line":55,"column":22}}},"fnMap":{"0":{"name":"(anonymous_0)","decl":{"start":{"line":37,"column":23},"end":{"line":37,"column":24}},"loc":{"start":{"line":37,"column":45},"end":{"line":39,"column":1}},"line":37},"1":{"name":"(anonymous_1)","decl":{"start":{"line":42,"column":33},"end":{"line":42,"column":34}},"loc":{"start":{"line":42,"column":45},"end":{"line":46,"column":1}},"line":42},"2":{"name":"(anonymous_2)","decl":{"start":{"line":49,"column":41},"end":{"line":49,"column":42}},"loc":{"start":{"line":49,"column":75},"end":{"line":51,"column":1}},"line":49}},"branchMap":{},"s":{"0":1,"1":1,"2":1,"3":1,"4":1,"5":0,"6":1,"7":0,"8":1,"9":0,"10":1,"11":1},"f":{"0":0,"1":0,"2":0},"b":{},"_coverageSchema":"1a1c01bbd47fc00a2c39e90264f33305004495a9","hash":"907a24c2021adf81ca767b5732febd1d95d0a4ce"}
}
