TN:
SF:server.js
FN:55,(anonymous_0)
FN:62,(anonymous_1)
FNF:2
FNH:0
FNDA:0,(anonymous_0)
FNDA:0,(anonymous_1)
DA:1,3
DA:2,3
DA:3,3
DA:4,3
DA:5,3
DA:6,3
DA:7,3
DA:9,3
DA:11,3
DA:14,3
DA:21,3
DA:22,3
DA:23,3
DA:26,3
DA:29,3
DA:36,3
DA:43,3
DA:44,3
DA:45,3
DA:46,3
DA:49,3
DA:50,3
DA:51,3
DA:52,3
DA:55,3
DA:56,0
DA:60,3
DA:61,0
DA:62,0
DA:63,0
DA:68,3
LF:31
LH:27
BRDA:60,0,0,0
BRDA:60,0,1,3
BRDA:61,1,0,0
BRDA:61,1,1,0
BRF:4
BRH:1
end_of_record
TN:
SF:config\db.js
FN:3,(anonymous_0)
FN:16,(anonymous_1)
FN:19,(anonymous_2)
FNF:3
FNH:2
FNDA:3,(anonymous_0)
FNDA:3,(anonymous_1)
FNDA:0,(anonymous_2)
DA:1,3
DA:3,3
DA:4,3
DA:6,3
DA:7,3
DA:9,3
DA:10,0
DA:11,0
DA:14,3
DA:17,3
DA:20,0
DA:21,0
DA:22,0
DA:26,3
LF:14
LH:9
BRDA:9,0,0,0
BRDA:9,0,1,3
BRF:2
BRH:1
end_of_record
TN:
SF:controllers\adminController.js
FN:4,(anonymous_0)
FN:19,(anonymous_1)
FN:43,(anonymous_2)
FN:60,(anonymous_3)
FN:86,(anonymous_4)
FN:89,(anonymous_5)
FN:92,(anonymous_6)
FN:93,(anonymous_7)
FN:94,(anonymous_8)
FN:101,(anonymous_9)
FN:110,(anonymous_10)
FN:124,(anonymous_11)
FN:128,(anonymous_12)
FN:141,(anonymous_13)
FN:153,(anonymous_14)
FN:172,(anonymous_15)
FN:202,(anonymous_16)
FN:229,(anonymous_17)
FN:245,(anonymous_18)
FN:257,(anonymous_19)
FN:266,(anonymous_20)
FN:280,(anonymous_21)
FN:308,(anonymous_22)
FNF:23
FNH:0
FNDA:0,(anonymous_0)
FNDA:0,(anonymous_1)
FNDA:0,(anonymous_2)
FNDA:0,(anonymous_3)
FNDA:0,(anonymous_4)
FNDA:0,(anonymous_5)
FNDA:0,(anonymous_6)
FNDA:0,(anonymous_7)
FNDA:0,(anonymous_8)
FNDA:0,(anonymous_9)
FNDA:0,(anonymous_10)
FNDA:0,(anonymous_11)
FNDA:0,(anonymous_12)
FNDA:0,(anonymous_13)
FNDA:0,(anonymous_14)
FNDA:0,(anonymous_15)
FNDA:0,(anonymous_16)
FNDA:0,(anonymous_17)
FNDA:0,(anonymous_18)
FNDA:0,(anonymous_19)
FNDA:0,(anonymous_20)
FNDA:0,(anonymous_21)
FNDA:0,(anonymous_22)
DA:1,3
DA:4,3
DA:5,0
DA:6,0
DA:7,0
DA:8,0
DA:9,0
DA:11,0
DA:19,3
DA:20,0
DA:21,0
DA:22,0
DA:24,0
DA:30,0
DA:31,0
DA:34,0
DA:38,0
DA:43,3
DA:44,0
DA:45,0
DA:47,0
DA:48,0
DA:49,0
DA:50,0
DA:54,0
DA:56,0
DA:60,3
DA:61,0
DA:62,0
DA:63,0
DA:64,0
DA:66,0
DA:75,3
DA:77,3
DA:86,3
DA:87,0
DA:88,0
DA:89,0
DA:92,0
DA:93,0
DA:94,0
DA:95,0
DA:99,0
DA:101,0
DA:104,0
DA:110,3
DA:111,0
DA:112,0
DA:113,0
DA:114,0
DA:115,0
DA:116,0
DA:118,0
DA:124,3
DA:125,0
DA:126,0
DA:127,0
DA:128,0
DA:129,0
DA:130,0
DA:132,0
DA:141,3
DA:142,0
DA:143,0
DA:144,0
DA:146,0
DA:153,3
DA:154,0
DA:155,0
DA:156,0
DA:157,0
DA:163,0
DA:172,3
DA:173,0
DA:174,0
DA:175,0
DA:177,0
DA:181,0
DA:182,0
DA:187,0
DA:193,0
DA:202,3
DA:203,0
DA:204,0
DA:206,0
DA:208,0
DA:209,0
DA:214,0
DA:220,0
DA:229,3
DA:230,0
DA:231,0
DA:232,0
DA:233,0
DA:234,0
DA:236,0
DA:245,3
DA:246,0
DA:247,0
DA:248,0
DA:250,0
DA:257,3
DA:258,0
DA:259,0
DA:260,0
DA:263,0
DA:265,0
DA:266,0
DA:269,0
DA:271,0
DA:273,0
DA:274,0
DA:280,3
DA:281,0
DA:282,0
DA:283,0
DA:288,0
DA:289,0
DA:295,0
DA:299,0
DA:300,0
DA:308,3
DA:309,0
DA:310,0
DA:311,0
DA:316,0
DA:317,0
DA:323,0
DA:327,0
DA:328,0
LF:130
LH:19
BRDA:30,0,0,0
BRDA:30,0,1,0
BRDA:49,1,0,0
BRDA:49,1,1,0
BRDA:94,2,0,0
BRDA:94,2,1,0
BRDA:181,3,0,0
BRDA:181,3,1,0
BRDA:208,4,0,0
BRDA:208,4,1,0
BRDA:288,5,0,0
BRDA:288,5,1,0
BRDA:316,6,0,0
BRDA:316,6,1,0
BRF:14
BRH:0
end_of_record
TN:
SF:controllers\bookingController.js
FN:4,(anonymous_0)
FN:33,(anonymous_1)
FNF:2
FNH:0
FNDA:0,(anonymous_0)
FNDA:0,(anonymous_1)
DA:1,3
DA:4,3
DA:5,0
DA:6,0
DA:8,0
DA:10,0
DA:21,0
DA:25,0
DA:33,3
DA:34,0
DA:35,0
DA:36,0
DA:37,0
DA:42,0
DA:44,0
DA:49,0
DA:50,0
LF:17
LH:3
BRDA:36,0,0,0
BRDA:36,0,1,0
BRF:2
BRH:0
end_of_record
TN:
SF:controllers\placeController.js
FN:4,(anonymous_0)
FN:42,(anonymous_1)
FN:55,(anonymous_2)
FN:97,(anonymous_3)
FN:114,(anonymous_4)
FN:134,(anonymous_5)
FN:156,(anonymous_6)
FN:174,(anonymous_7)
FN:205,(anonymous_8)
FNF:9
FNH:2
FNDA:0,(anonymous_0)
FNDA:0,(anonymous_1)
FNDA:0,(anonymous_2)
FNDA:1,(anonymous_3)
FNDA:1,(anonymous_4)
FNDA:0,(anonymous_5)
FNDA:0,(anonymous_6)
FNDA:0,(anonymous_7)
FNDA:0,(anonymous_8)
DA:1,3
DA:4,3
DA:5,0
DA:6,0
DA:17,0
DA:18,0
DA:30,0
DA:34,0
DA:42,3
DA:43,0
DA:44,0
DA:45,0
DA:46,0
DA:48,0
DA:55,3
DA:56,0
DA:57,0
DA:58,0
DA:69,0
DA:71,0
DA:72,0
DA:73,0
DA:83,0
DA:84,0
DA:89,0
DA:97,3
DA:98,1
DA:99,1
DA:100,1
DA:101,1
DA:102,1
DA:104,0
DA:105,0
DA:114,3
DA:115,1
DA:116,1
DA:117,1
DA:118,0
DA:119,0
DA:123,0
DA:127,1
DA:134,3
DA:135,0
DA:136,0
DA:138,0
DA:140,0
DA:144,0
DA:146,0
DA:147,0
DA:156,3
DA:157,0
DA:158,0
DA:159,0
DA:162,0
DA:163,0
DA:167,0
DA:169,0
DA:174,3
DA:175,0
DA:176,0
DA:177,0
DA:179,0
DA:187,0
DA:188,0
DA:193,0
DA:194,0
DA:196,0
DA:205,3
DA:206,0
DA:207,0
DA:208,0
DA:210,0
DA:211,0
DA:212,0
DA:217,0
DA:223,0
DA:224,0
DA:227,0
DA:228,0
DA:230,0
DA:232,0
LF:81
LH:19
BRDA:72,0,0,0
BRDA:72,0,1,0
BRDA:118,1,0,0
BRDA:118,1,1,0
BRDA:138,2,0,0
BRDA:138,2,1,0
BRDA:162,3,0,0
BRDA:162,3,1,0
BRDA:162,4,0,0
BRDA:162,4,1,0
BRDA:187,5,0,0
BRDA:187,5,1,0
BRDA:211,6,0,0
BRDA:211,6,1,0
BRF:14
BRH:0
end_of_record
TN:
SF:controllers\userController.js
FN:7,(anonymous_0)
FN:43,(anonymous_1)
FN:82,(anonymous_2)
FN:118,(anonymous_3)
FN:134,(anonymous_4)
FN:168,(anonymous_5)
FN:178,(anonymous_6)
FNF:7
FNH:3
FNDA:1,(anonymous_0)
FNDA:4,(anonymous_1)
FNDA:0,(anonymous_2)
FNDA:0,(anonymous_3)
FNDA:0,(anonymous_4)
FNDA:0,(anonymous_5)
FNDA:1,(anonymous_6)
DA:1,3
DA:2,3
DA:3,3
DA:4,3
DA:7,3
DA:8,1
DA:9,1
DA:11,1
DA:12,0
DA:18,1
DA:20,1
DA:21,0
DA:26,1
DA:33,1
DA:35,0
DA:43,3
DA:44,4
DA:45,4
DA:48,4
DA:49,0
DA:54,4
DA:56,4
DA:57,0
DA:63,4
DA:65,4
DA:66,1
DA:72,3
DA:74,0
DA:82,3
DA:83,0
DA:84,0
DA:86,0
DA:87,0
DA:96,0
DA:99,0
DA:100,0
DA:108,0
DA:110,0
DA:118,3
DA:119,0
DA:120,0
DA:121,0
DA:124,0
DA:126,0
DA:134,3
DA:135,0
DA:136,0
DA:138,0
DA:140,0
DA:141,0
DA:151,0
DA:152,0
DA:153,0
DA:154,0
DA:155,0
DA:157,0
DA:158,0
DA:160,0
DA:161,0
DA:163,0
DA:168,3
DA:169,0
DA:170,0
DA:171,0
DA:173,0
DA:178,3
DA:179,1
DA:185,1
LF:68
LH:29
BRDA:11,0,0,0
BRDA:11,0,1,1
BRDA:11,1,0,1
BRDA:11,1,1,1
BRDA:11,1,2,1
BRDA:20,2,0,0
BRDA:20,2,1,1
BRDA:48,3,0,0
BRDA:48,3,1,4
BRDA:48,4,0,4
BRDA:48,4,1,4
BRDA:56,5,0,0
BRDA:56,5,1,4
BRDA:65,6,0,1
BRDA:65,6,1,3
BRDA:86,7,0,0
BRDA:86,7,1,0
BRDA:86,8,0,0
BRDA:86,8,1,0
BRDA:99,9,0,0
BRDA:99,9,1,0
BRDA:140,10,0,0
BRDA:140,10,1,0
BRDA:152,11,0,0
BRDA:152,11,1,0
BRDA:152,12,0,0
BRDA:152,12,1,0
BRDA:154,13,0,0
BRDA:154,13,1,0
BRDA:154,14,0,0
BRDA:154,14,1,0
BRF:31
BRH:11
end_of_record
TN:
SF:middlewares\user.js
FN:5,(anonymous_0)
FN:34,(anonymous_1)
FN:43,(anonymous_2)
FNF:3
FNH:0
FNDA:0,(anonymous_0)
FNDA:0,(anonymous_1)
FNDA:0,(anonymous_2)
DA:1,3
DA:2,3
DA:5,3
DA:6,0
DA:8,0
DA:11,0
DA:12,0
DA:18,0
DA:19,0
DA:20,0
DA:21,0
DA:22,0
DA:23,0
DA:25,0
DA:26,0
DA:34,3
DA:35,0
DA:36,0
DA:38,0
DA:43,3
DA:44,0
DA:48,0
DA:50,0
LF:23
LH:5
BRDA:8,0,0,0
BRDA:8,0,1,0
BRDA:9,1,0,0
BRDA:9,1,1,0
BRDA:11,2,0,0
BRDA:11,2,1,0
BRDA:35,3,0,0
BRDA:35,3,1,0
BRDA:35,4,0,0
BRDA:35,4,1,0
BRDA:44,5,0,0
BRDA:44,5,1,0
BRDA:45,6,0,0
BRDA:45,6,1,0
BRDA:45,6,2,0
BRF:15
BRH:0
end_of_record
TN:
SF:models\Booking.js
FNF:0
FNH:0
DA:1,3
DA:3,3
DA:36,3
DA:38,3
LF:4
LH:4
BRF:0
BRH:0
end_of_record
TN:
SF:models\Place.js
FNF:0
FNH:0
DA:1,3
DA:3,3
DA:9,3
DA:17,3
DA:66,3
DA:68,3
LF:6
LH:6
BRF:0
BRH:0
end_of_record
TN:
SF:models\User.js
FN:37,(anonymous_0)
FN:42,(anonymous_1)
FN:49,(anonymous_2)
FNF:3
FNH:3
FNDA:3,(anonymous_0)
FNDA:4,(anonymous_1)
FNDA:4,(anonymous_2)
DA:1,3
DA:2,3
DA:3,3
DA:5,3
DA:37,3
DA:38,3
DA:42,3
DA:43,4
DA:49,3
DA:50,4
DA:53,3
DA:55,3
LF:12
LH:12
BRF:0
BRH:0
end_of_record
TN:
SF:routes\admin.js
FNF:0
FNH:0
DA:1,3
DA:2,3
DA:7,3
DA:9,3
DA:12,3
DA:15,3
DA:16,3
DA:17,3
DA:18,3
DA:21,3
DA:22,3
DA:23,3
DA:26,3
DA:27,3
DA:28,3
DA:29,3
DA:32,3
DA:37,3
DA:42,3
DA:48,3
DA:50,3
LF:21
LH:21
BRF:0
BRH:0
end_of_record
TN:
SF:routes\booking.js
FNF:0
FNH:0
DA:1,3
DA:2,3
DA:3,3
DA:8,3
DA:11,3
DA:13,3
LF:6
LH:6
BRF:0
BRH:0
end_of_record
TN:
SF:routes\place.js
FNF:0
FNH:0
DA:1,3
DA:2,3
DA:3,3
DA:14,3
DA:17,3
DA:20,3
DA:21,3
DA:22,3
DA:25,3
DA:26,3
DA:27,3
DA:30,3
DA:31,3
DA:33,3
LF:14
LH:14
BRF:0
BRH:0
end_of_record
TN:
SF:routes\user.js
FNF:0
FNH:0
DA:1,3
DA:2,3
DA:3,3
DA:4,3
DA:6,3
DA:16,3
DA:18,3
DA:19,3
DA:20,3
DA:21,3
DA:24,3
DA:25,3
DA:28,3
DA:30,3
LF:14
LH:14
BRF:0
BRH:0
end_of_record
TN:
SF:utils\cookieToken.js
FN:1,(anonymous_0)
FNF:1
FNH:1
FNDA:4,(anonymous_0)
DA:1,3
DA:2,4
DA:4,4
DA:14,4
DA:15,4
DA:22,3
LF:6
LH:6
BRF:0
BRH:0
end_of_record
