TN:
SF:controllers\adminController.js
FN:4,(anonymous_0)
FN:19,(anonymous_1)
FN:43,(anonymous_2)
FN:60,(anonymous_3)
FN:86,(anonymous_4)
FN:89,(anonymous_5)
FN:92,(anonymous_6)
FN:93,(anonymous_7)
FN:95,(anonymous_8)
FN:112,(anonymous_9)
FN:126,(anonymous_10)
FN:130,(anonymous_11)
FN:143,(anonymous_12)
FN:155,(anonymous_13)
FN:174,(anonymous_14)
FN:204,(anonymous_15)
FN:231,(anonymous_16)
FN:247,(anonymous_17)
FN:259,(anonymous_18)
FN:268,(anonymous_19)
FN:282,(anonymous_20)
FN:310,(anonymous_21)
FNF:22
FNH:22
FNDA:1,(anonymous_0)
FNDA:2,(anonymous_1)
FNDA:2,(anonymous_2)
FNDA:1,(anonymous_3)
FNDA:2,(anonymous_4)
FNDA:12,(anonymous_5)
FNDA:1,(anonymous_6)
FNDA:2,(anonymous_7)
FNDA:6,(anonymous_8)
FNDA:1,(anonymous_9)
FNDA:1,(anonymous_10)
FNDA:2,(anonymous_11)
FNDA:1,(anonymous_12)
FNDA:1,(anonymous_13)
FNDA:2,(anonymous_14)
FNDA:2,(anonymous_15)
FNDA:1,(anonymous_16)
FNDA:1,(anonymous_17)
FNDA:1,(anonymous_18)
FNDA:2,(anonymous_19)
FNDA:2,(anonymous_20)
FNDA:2,(anonymous_21)
DA:1,1
DA:4,1
DA:5,1
DA:6,1
DA:7,1
DA:8,1
DA:9,1
DA:11,0
DA:19,1
DA:20,2
DA:21,2
DA:22,2
DA:24,2
DA:30,2
DA:31,1
DA:34,1
DA:38,0
DA:43,1
DA:44,2
DA:45,2
DA:47,2
DA:48,2
DA:49,2
DA:50,1
DA:54,1
DA:56,0
DA:60,1
DA:61,1
DA:62,1
DA:63,1
DA:64,1
DA:66,0
DA:75,1
DA:77,1
DA:86,1
DA:87,2
DA:88,2
DA:89,12
DA:92,2
DA:93,1
DA:94,2
DA:95,6
DA:96,1
DA:101,2
DA:106,0
DA:112,1
DA:113,1
DA:114,1
DA:115,1
DA:116,1
DA:117,1
DA:118,1
DA:120,0
DA:126,1
DA:127,1
DA:128,1
DA:129,1
DA:130,2
DA:131,1
DA:132,1
DA:134,0
DA:143,1
DA:144,1
DA:145,1
DA:146,1
DA:148,0
DA:155,1
DA:156,1
DA:157,1
DA:158,1
DA:159,1
DA:165,0
DA:174,1
DA:175,2
DA:176,2
DA:177,2
DA:179,2
DA:183,2
DA:184,1
DA:189,1
DA:195,0
DA:204,1
DA:205,2
DA:206,2
DA:208,2
DA:210,2
DA:211,1
DA:216,1
DA:222,0
DA:231,1
DA:232,1
DA:233,1
DA:234,1
DA:235,1
DA:236,1
DA:238,0
DA:247,1
DA:248,1
DA:249,1
DA:250,1
DA:252,0
DA:259,1
DA:260,1
DA:261,1
DA:262,1
DA:265,1
DA:267,1
DA:268,2
DA:271,1
DA:273,1
DA:275,0
DA:276,0
DA:282,1
DA:283,2
DA:284,2
DA:285,2
DA:290,2
DA:291,1
DA:297,1
DA:301,0
DA:302,0
DA:310,1
DA:311,2
DA:312,2
DA:313,2
DA:318,2
DA:319,1
DA:325,1
DA:329,0
DA:330,0
LF:130
LH:111
BRDA:30,0,0,1
BRDA:30,0,1,1
BRDA:49,1,0,1
BRDA:49,1,1,1
BRDA:94,2,0,1
BRDA:94,2,1,1
BRDA:95,3,0,1
BRDA:95,3,1,1
BRDA:183,4,0,1
BRDA:183,4,1,1
BRDA:210,5,0,1
BRDA:210,5,1,1
BRDA:290,6,0,1
BRDA:290,6,1,1
BRDA:318,7,0,1
BRDA:318,7,1,1
BRF:16
BRH:16
end_of_record
TN:
SF:models\Place.js
FNF:0
FNH:0
DA:1,1
DA:3,1
DA:9,1
DA:17,1
DA:66,1
DA:68,1
LF:6
LH:6
BRF:0
BRH:0
end_of_record
TN:
SF:models\User.js
FN:37,(anonymous_0)
FN:42,(anonymous_1)
FN:49,(anonymous_2)
FNF:3
FNH:0
FNDA:0,(anonymous_0)
FNDA:0,(anonymous_1)
FNDA:0,(anonymous_2)
DA:1,1
DA:2,1
DA:3,1
DA:5,1
DA:37,1
DA:38,0
DA:42,1
DA:43,0
DA:49,1
DA:50,0
DA:53,1
DA:55,1
LF:12
LH:9
BRF:0
BRH:0
end_of_record
